============================= test session starts =============================
platform win32 -- Python 3.13.7, pytest-9.1.1, pluggy-1.6.0
rootdir: C:\saas project\apps\backend
configfile: pyproject.toml
plugins: anyio-4.14.2, asyncio-1.4.0
asyncio: mode=Mode.AUTO, debug=False, asyncio_default_fixture_loop_scope=function, asyncio_default_test_loop_scope=function
collected 1 item

tests\test_rbac.py F                                                     [100%]

================================== FAILURES ===================================
_______________________________ test_rbac_rules _______________________________

client = <httpx.AsyncClient object at 0x0000021FD98267B0>
db_session = <sqlalchemy.ext.asyncio.session.AsyncSession object at 0x0000021FD9825940>

    @pytest.mark.asyncio
    async def test_rbac_rules(
        client: AsyncClient, db_session: AsyncSession
    ) -> None:
        # 1. Register users: owner, manager, developer, viewer
        owner_headers = await get_auth_headers(client, "owner@example.com", "Owner User")
        manager_headers = await get_auth_headers(client, "manager@example.com", "Manager User")
        dev_headers = await get_auth_headers(client, "dev@example.com", "Dev User")
        viewer_headers = await get_auth_headers(client, "viewer@example.com", "Viewer User")
    
        # Fetch User IDs
        workspace_repo = WorkspaceRepository(db_session)
        project_repo = ProjectRepository(db_session)
        task_repo = TaskRepository(db_session)
        pm_repo = ProjectMemberRepository(db_session)
    
        # Initialize owner workspace
        ws_list_res = await client.get("/api/v1/workspaces", headers=owner_headers)
        workspace = ws_list_res.json()["data"]["items"][0]
        workspace_id = workspace["id"]
    
        # Map X-Workspace-ID headers
        owner_headers["X-Workspace-ID"] = workspace_id
        manager_headers["X-Workspace-ID"] = workspace_id
        dev_headers["X-Workspace-ID"] = workspace_id
        viewer_headers["X-Workspace-ID"] = workspace_id
    
        # Invite manager, dev, viewer to workspace
        await client.post(
            f"/api/v1/workspaces/{workspace_id}/members/invite",
            json={"email": "manager@example.com", "role": "manager"},
            headers=owner_headers,
        )
        dev_invite = await client.post(
            f"/api/v1/workspaces/{workspace_id}/members/invite",
            json={"email": "dev@example.com", "role": "developer"},
            headers=owner_headers,
        )
        dev_user_id = dev_invite.json()["data"]["user_id"]
    
        await client.post(
            f"/api/v1/workspaces/{workspace_id}/members/invite",
            json={"email": "viewer@example.com", "role": "viewer"},
            headers=owner_headers,
        )
    
        # 2. Test Project Creation
        # Developer tries to create a project - should fail (403)
        dev_proj_res = await client.post(
            "/api/v1/projects",
            json={"name": "Dev Project", "description": "Should fail"},
            headers=dev_headers,
        )
        assert dev_proj_res.status_code == 403
    
        # Viewer tries to create a project - should fail (403)
        viewer_proj_res = await client.post(
            "/api/v1/projects",
            json={"name": "Viewer Project", "description": "Should fail"},
            headers=viewer_headers,
        )
        assert viewer_proj_res.status_code == 403
    
        # Manager creates a project - should succeed (201)
        mgr_proj_res = await client.post(
            "/api/v1/projects",
            json={"name": "Manager Project", "description": "Should succeed"},
            headers=manager_headers,
        )
        assert mgr_proj_res.status_code == 201
        project_id = mgr_proj_res.json()["data"]["id"]
    
        # 3. Test Task Creation
        # Developer tries to create a task - should fail (403)
        dev_task_res = await client.post(
            "/api/v1/tasks",
            json={"title": "Dev Task", "project_id": project_id, "status": "todo", "priority": "medium"},
            headers=dev_headers,
        )
        assert dev_task_res.status_code == 403
    
        # Manager creates a task - should succeed (201)
        mgr_task_res = await client.post(
            "/api/v1/tasks",
            json={"title": "Manager Task", "project_id": project_id, "status": "todo", "priority": "medium"},
            headers=manager_headers,
        )
        assert mgr_task_res.status_code == 201
        task_id = mgr_task_res.json()["data"]["id"]
    
        # 4. Test Task Updates
        # Developer tries to update a task assigned to no one - should fail (403)
        dev_update_res = await client.patch(
            f"/api/v1/tasks/{task_id}",
            json={"title": "Updated by dev"},
            headers=dev_headers,
        )
        assert dev_update_res.status_code == 403
    
        # Assign task to Developer (we need Developer to be a project member first)
        await client.post(
            "/api/v1/project-members",
            json={"project_id": project_id, "user_id": dev_user_id, "role": "member"},
            headers=manager_headers,
        )
    
        # Assign task to Developer
>       await client.patch(
            f"/api/v1/tasks/{task_id}",
            json={"assignee_id": dev_user_id},
            headers=manager_headers,
        )

tests\test_rbac.py:138: 
_ _ _ _ _ _ _ _ _ _ _ _ _ _ _ _ _ _ _ _ _ _ _ _ _ _ _ _ _ _ _ _ _ _ _ _ _ _ _ _
.venv\Lib\site-packages\httpx\_client.py:1933: in patch
    return await self.request(
.venv\Lib\site-packages\httpx\_client.py:1540: in request
    return await self.send(request, auth=auth, follow_redirects=follow_redirects)
           ^^^^^^^^^^^^^^^^^^^^^^^^^^^^^^^^^^^^^^^^^^^^^^^^^^^^^^^^^^^^^^^^^^^^^^
.venv\Lib\site-packages\httpx\_client.py:1629: in send
    response = await self._send_handling_auth(
.venv\Lib\site-packages\httpx\_client.py:1657: in _send_handling_auth
    response = await self._send_handling_redirects(
.venv\Lib\site-packages\httpx\_client.py:1694: in _send_handling_redirects
    response = await self._send_single_request(request)
               ^^^^^^^^^^^^^^^^^^^^^^^^^^^^^^^^^^^^^^^^
.venv\Lib\site-packages\httpx\_client.py:1730: in _send_single_request
    response = await transport.handle_async_request(request)
               ^^^^^^^^^^^^^^^^^^^^^^^^^^^^^^^^^^^^^^^^^^^^^
.venv\Lib\site-packages\httpx\_transports\asgi.py:170: in handle_async_request
    await self.app(scope, receive, send)
.venv\Lib\site-packages\fastapi\applications.py:1163: in __call__
    await super().__call__(scope, receive, send)
.venv\Lib\site-packages\starlette\applications.py:90: in __call__
    await self.middleware_stack(scope, receive, send)
.venv\Lib\site-packages\starlette\middleware\errors.py:186: in __call__
    raise exc
.venv\Lib\site-packages\starlette\middleware\errors.py:164: in __call__
    await self.app(scope, receive, _send)
.venv\Lib\site-packages\starlette\middleware\cors.py:88: in __call__
    await self.app(scope, receive, send)
.venv\Lib\site-packages\starlette\middleware\exceptions.py:63: in __call__
    await wrap_app_handling_exceptions(self.app, conn)(scope, receive, send)
.venv\Lib\site-packages\starlette\_exception_handler.py:53: in wrapped_app
    raise exc
.venv\Lib\site-packages\starlette\_exception_handler.py:42: in wrapped_app
    await app(scope, receive, sender)
.venv\Lib\site-packages\fastapi\middleware\asyncexitstack.py:18: in __call__
    await self.app(scope, receive, send)
.venv\Lib\site-packages\starlette\routing.py:660: in __call__
    await self.middleware_stack(scope, receive, send)
.venv\Lib\site-packages\fastapi\routing.py:2685: in app
    await route.handle(scope, receive, send)
.venv\Lib\site-packages\fastapi\routing.py:1766: in handle
    await self.original_router.handle(scope, receive, send)
.venv\Lib\site-packages\fastapi\routing.py:2740: in handle
    await included_router._handle_selected(scope, receive, send)
.venv\Lib\site-packages\fastapi\routing.py:1777: in _handle_selected
    await route.handle(scope, receive, send)
.venv\Lib\site-packages\fastapi\routing.py:1766: in handle
    await self.original_router.handle(scope, receive, send)
.venv\Lib\site-packages\fastapi\routing.py:2740: in handle
    await included_router._handle_selected(scope, receive, send)
.venv\Lib\site-packages\fastapi\routing.py:1786: in _handle_selected
    await original_route.handle(scope, receive, send)
.venv\Lib\site-packages\fastapi\routing.py:1265: in handle
    await app(scope, receive, send)
.venv\Lib\site-packages\fastapi\routing.py:151: in app
    await wrap_app_handling_exceptions(app, request)(scope, receive, send)
.venv\Lib\site-packages\starlette\_exception_handler.py:53: in wrapped_app
    raise exc
.venv\Lib\site-packages\starlette\_exception_handler.py:42: in wrapped_app
    await app(scope, receive, sender)
.venv\Lib\site-packages\fastapi\routing.py:137: in app
    response = await f(request)
               ^^^^^^^^^^^^^^^^
.venv\Lib\site-packages\fastapi\routing.py:691: in app
    raw_response = await run_endpoint_function(
.venv\Lib\site-packages\fastapi\routing.py:345: in run_endpoint_function
    return await dependant.call(**values)
           ^^^^^^^^^^^^^^^^^^^^^^^^^^^^^^
src\api\v1\tasks\router.py:110: in update_task
    task_response = await service.update_task(task_id, data, current_user.id)
                    ^^^^^^^^^^^^^^^^^^^^^^^^^^^^^^^^^^^^^^^^^^^^^^^^^^^^^^^^^
_ _ _ _ _ _ _ _ _ _ _ _ _ _ _ _ _ _ _ _ _ _ _ _ _ _ _ _ _ _ _ _ _ _ _ _ _ _ _ _

self = <src.services.task_service.TaskService object at 0x0000021FD9C07820>
task_id = UUID('6742fcf1-a43e-4a0a-8ad1-c8e29765c521')
data = TaskUpdate(title=None, description=None, status=None, priority=None, due_date=None, assignee_id=UUID('09075211-8c81-4a99-8981-dfb69a20001b'))
user_id = UUID('1551282a-b39a-43ac-a05d-d48e32ac6f04')

    async def update_task(
        self, task_id: UUID, data: TaskUpdate, user_id: UUID
    ) -> TaskResponse:
        task = await self.task_repository.get_by_id(task_id)
        if not task:
            raise NotFoundException("Task not found")
    
        # Enforce task update permissions
        from src.dependencies.permissions import check_task_write_permission
        await check_task_write_permission(
            task, user_id, self.task_repository.session
        )
    
        update_attrs = {}
    
        # If title is updated, check for duplicate title in project
        if data.title is not None:
            new_title = data.title.strip()
            if not new_title:
                raise ValidationException("Title cannot be empty or whitespace only")
            if new_title != task.title:
                if await self.task_repository.exists_by_title_for_project(
                    new_title, task.project_id
                ):
                    raise ValidationException(
                        f"A task titled '{new_title}' already exists in this project"
                    )
                update_attrs["title"] = new_title
    
        if data.description is not None:
            update_attrs["description"] = data.description
    
        if data.status is not None:
            update_attrs["status"] = data.status
    
        if data.priority is not None:
            update_attrs["priority"] = data.priority
    
        if data.due_date is not None:
            update_attrs["due_date"] = data.due_date
    
        if data.assignee_id is not None:
            if data.assignee_id:
                assignee = await self.user_repository.get_by_id(data.assignee_id)
                if not assignee:
                    raise ValidationException("Assignee user does not exist")
    
                # Verify project membership for assignee
                from src.repositories.project_member_repository import (
                    ProjectMemberRepository,
                )
    
                pm_repo = ProjectMemberRepository(self.task_repository.session)
>               if assignee.id != project.owner_id and not await pm_repo.exists(
                                  ^^^^^^^
                    project.id, assignee.id
                ):
E               NameError: name 'project' is not defined

src\services\task_service.py:235: NameError
---------------------------- Captured stdout setup ----------------------------
2026-07-30 10:51:52,918 [DEBUG] asyncio - proactor_events.py:633 - Using proactor: IocpProactor
2026-07-30 10:51:52,922 [DEBUG] aiosqlite - core.py:62 - executing <function connect.<locals>.connector at 0x0000021FD9823420>
2026-07-30 10:51:52,923 [DEBUG] aiosqlite - core.py:67 - operation <function connect.<locals>.connector at 0x0000021FD9823420> completed
2026-07-30 10:51:52,924 [DEBUG] aiosqlite - core.py:62 - executing functools.partial(<built-in method create_function of sqlite3.Connection object at 0x0000021FD98156C0>, 'regexp', 2, <function SQLiteDialect_pysqlite.on_connect.<locals>.regexp at 0x0000021FD97A8720>, deterministic=True)
2026-07-30 10:51:52,926 [DEBUG] aiosqlite - core.py:67 - operation functools.partial(<built-in method create_function of sqlite3.Connection object at 0x0000021FD98156C0>, 'regexp', 2, <function SQLiteDialect_pysqlite.on_connect.<locals>.regexp at 0x0000021FD97A8720>, deterministic=True) completed
2026-07-30 10:51:52,927 [DEBUG] aiosqlite - core.py:62 - executing functools.partial(<built-in method create_function of sqlite3.Connection object at 0x0000021FD98156C0>, 'floor', 1, <built-in function floor>, deterministic=True)
2026-07-30 10:51:52,927 [DEBUG] aiosqlite - core.py:67 - operation functools.partial(<built-in method create_function of sqlite3.Connection object at 0x0000021FD98156C0>, 'floor', 1, <built-in function floor>, deterministic=True) completed
2026-07-30 10:51:52,927 [DEBUG] aiosqlite - core.py:62 - executing functools.partial(<built-in method cursor of sqlite3.Connection object at 0x0000021FD98156C0>)
2026-07-30 10:51:52,927 [DEBUG] aiosqlite - core.py:67 - operation functools.partial(<built-in method cursor of sqlite3.Connection object at 0x0000021FD98156C0>) completed
2026-07-30 10:51:52,928 [DEBUG] aiosqlite - core.py:62 - executing functools.partial(<built-in method execute of sqlite3.Cursor object at 0x0000021FD9832640>, 'PRAGMA read_uncommitted', [])
2026-07-30 10:51:52,928 [DEBUG] aiosqlite - core.py:67 - operation functools.partial(<built-in method execute of sqlite3.Cursor object at 0x0000021FD9832640>, 'PRAGMA read_uncommitted', []) completed
2026-07-30 10:51:52,928 [DEBUG] aiosqlite - core.py:62 - executing functools.partial(<built-in method fetchall of sqlite3.Cursor object at 0x0000021FD9832640>)
2026-07-30 10:51:52,928 [DEBUG] aiosqlite - core.py:67 - operation functools.partial(<built-in method fetchall of sqlite3.Cursor object at 0x0000021FD9832640>) completed
2026-07-30 10:51:52,929 [DEBUG] aiosqlite - core.py:62 - executing functools.partial(<built-in method close of sqlite3.Cursor object at 0x0000021FD9832640>)
2026-07-30 10:51:52,929 [DEBUG] aiosqlite - core.py:67 - operation functools.partial(<built-in method close of sqlite3.Cursor object at 0x0000021FD9832640>) completed
2026-07-30 10:51:52,929 [DEBUG] aiosqlite - core.py:62 - executing functools.partial(<built-in method rollback of sqlite3.Connection object at 0x0000021FD98156C0>)
2026-07-30 10:51:52,929 [DEBUG] aiosqlite - core.py:67 - operation functools.partial(<built-in method rollback of sqlite3.Connection object at 0x0000021FD98156C0>) completed
2026-07-30 10:51:52,930 [DEBUG] aiosqlite - core.py:62 - executing functools.partial(<built-in method cursor of sqlite3.Connection object at 0x0000021FD98156C0>)
2026-07-30 10:51:52,930 [DEBUG] aiosqlite - core.py:67 - operation functools.partial(<built-in method cursor of sqlite3.Connection object at 0x0000021FD98156C0>) completed
2026-07-30 10:51:52,930 [DEBUG] aiosqlite - core.py:62 - executing functools.partial(<built-in method execute of sqlite3.Cursor object at 0x0000021FD98326C0>, 'PRAGMA main.table_info("attachments")', ())
2026-07-30 10:51:52,931 [DEBUG] aiosqlite - core.py:67 - operation functools.partial(<built-in method execute of sqlite3.Cursor object at 0x0000021FD98326C0>, 'PRAGMA main.table_info("attachments")', ()) completed
2026-07-30 10:51:52,931 [DEBUG] aiosqlite - core.py:62 - executing functools.partial(<built-in method fetchall of sqlite3.Cursor object at 0x0000021FD98326C0>)
2026-07-30 10:51:52,931 [DEBUG] aiosqlite - core.py:67 - operation functools.partial(<built-in method fetchall of sqlite3.Cursor object at 0x0000021FD98326C0>) completed
2026-07-30 10:51:52,932 [DEBUG] aiosqlite - core.py:62 - executing functools.partial(<built-in method close of sqlite3.Cursor object at 0x0000021FD98326C0>)
2026-07-30 10:51:52,932 [DEBUG] aiosqlite - core.py:67 - operation functools.partial(<built-in method close of sqlite3.Cursor object at 0x0000021FD98326C0>) completed
2026-07-30 10:51:52,932 [DEBUG] aiosqlite - core.py:62 - executing functools.partial(<built-in method cursor of sqlite3.Connection object at 0x0000021FD98156C0>)
2026-07-30 10:51:52,933 [DEBUG] aiosqlite - core.py:67 - operation functools.partial(<built-in method cursor of sqlite3.Connection object at 0x0000021FD98156C0>) completed
2026-07-30 10:51:52,933 [DEBUG] aiosqlite - core.py:62 - executing functools.partial(<built-in method execute of sqlite3.Cursor object at 0x0000021FD98327C0>, 'PRAGMA temp.table_info("attachments")', ())
2026-07-30 10:51:52,933 [DEBUG] aiosqlite - core.py:67 - operation functools.partial(<built-in method execute of sqlite3.Cursor object at 0x0000021FD98327C0>, 'PRAGMA temp.table_info("attachments")', ()) completed
2026-07-30 10:51:52,933 [DEBUG] aiosqlite - core.py:62 - executing functools.partial(<built-in method fetchall of sqlite3.Cursor object at 0x0000021FD98327C0>)
2026-07-30 10:51:52,934 [DEBUG] aiosqlite - core.py:67 - operation functools.partial(<built-in method fetchall of sqlite3.Cursor object at 0x0000021FD98327C0>) completed
2026-07-30 10:51:52,934 [DEBUG] aiosqlite - core.py:62 - executing functools.partial(<built-in method close of sqlite3.Cursor object at 0x0000021FD98327C0>)
2026-07-30 10:51:52,934 [DEBUG] aiosqlite - core.py:67 - operation functools.partial(<built-in method close of sqlite3.Cursor object at 0x0000021FD98327C0>) completed
2026-07-30 10:51:52,935 [DEBUG] aiosqlite - core.py:62 - executing functools.partial(<built-in method cursor of sqlite3.Connection object at 0x0000021FD98156C0>)
2026-07-30 10:51:52,935 [DEBUG] aiosqlite - core.py:67 - operation functools.partial(<built-in method cursor of sqlite3.Connection object at 0x0000021FD98156C0>) completed
2026-07-30 10:51:52,935 [DEBUG] aiosqlite - core.py:62 - executing functools.partial(<built-in method execute of sqlite3.Cursor object at 0x0000021FD98328C0>, 'PRAGMA main.table_info("audit_logs")', ())
2026-07-30 10:51:52,935 [DEBUG] aiosqlite - core.py:67 - operation functools.partial(<built-in method execute of sqlite3.Cursor object at 0x0000021FD98328C0>, 'PRAGMA main.table_info("audit_logs")', ()) completed
2026-07-30 10:51:52,936 [DEBUG] aiosqlite - core.py:62 - executing functools.partial(<built-in method fetchall of sqlite3.Cursor object at 0x0000021FD98328C0>)
2026-07-30 10:51:52,936 [DEBUG] aiosqlite - core.py:67 - operation functools.partial(<built-in method fetchall of sqlite3.Cursor object at 0x0000021FD98328C0>) completed
2026-07-30 10:51:52,936 [DEBUG] aiosqlite - core.py:62 - executing functools.partial(<built-in method close of sqlite3.Cursor object at 0x0000021FD98328C0>)
2026-07-30 10:51:52,936 [DEBUG] aiosqlite - core.py:67 - operation functools.partial(<built-in method close of sqlite3.Cursor object at 0x0000021FD98328C0>) completed
2026-07-30 10:51:52,937 [DEBUG] aiosqlite - core.py:62 - executing functools.partial(<built-in method cursor of sqlite3.Connection object at 0x0000021FD98156C0>)
2026-07-30 10:51:52,937 [DEBUG] aiosqlite - core.py:67 - operation functools.partial(<built-in method cursor of sqlite3.Connection object at 0x0000021FD98156C0>) completed
2026-07-30 10:51:52,938 [DEBUG] aiosqlite - core.py:62 - executing functools.partial(<built-in method execute of sqlite3.Cursor object at 0x0000021FD9832940>, 'PRAGMA temp.table_info("audit_logs")', ())
2026-07-30 10:51:52,938 [DEBUG] aiosqlite - core.py:67 - operation functools.partial(<built-in method execute of sqlite3.Cursor object at 0x0000021FD9832940>, 'PRAGMA temp.table_info("audit_logs")', ()) completed
2026-07-30 10:51:52,939 [DEBUG] aiosqlite - core.py:62 - executing functools.partial(<built-in method fetchall of sqlite3.Cursor object at 0x0000021FD9832940>)
2026-07-30 10:51:52,939 [DEBUG] aiosqlite - core.py:67 - operation functools.partial(<built-in method fetchall of sqlite3.Cursor object at 0x0000021FD9832940>) completed
2026-07-30 10:51:52,939 [DEBUG] aiosqlite - core.py:62 - executing functools.partial(<built-in method close of sqlite3.Cursor object at 0x0000021FD9832940>)
2026-07-30 10:51:52,940 [DEBUG] aiosqlite - core.py:67 - operation functools.partial(<built-in method close of sqlite3.Cursor object at 0x0000021FD9832940>) completed
2026-07-30 10:51:52,940 [DEBUG] aiosqlite - core.py:62 - executing functools.partial(<built-in method cursor of sqlite3.Connection object at 0x0000021FD98156C0>)
2026-07-30 10:51:52,940 [DEBUG] aiosqlite - core.py:67 - operation functools.partial(<built-in method cursor of sqlite3.Connection object at 0x0000021FD98156C0>) completed
2026-07-30 10:51:52,941 [DEBUG] aiosqlite - core.py:62 - executing functools.partial(<built-in method execute of sqlite3.Cursor object at 0x0000021FD9832A40>, 'PRAGMA main.table_info("comments")', ())
2026-07-30 10:51:52,941 [DEBUG] aiosqlite - core.py:67 - operation functools.partial(<built-in method execute of sqlite3.Cursor object at 0x0000021FD9832A40>, 'PRAGMA main.table_info("comments")', ()) completed
2026-07-30 10:51:52,941 [DEBUG] aiosqlite - core.py:62 - executing functools.partial(<built-in method fetchall of sqlite3.Cursor object at 0x0000021FD9832A40>)
2026-07-30 10:51:52,941 [DEBUG] aiosqlite - core.py:67 - operation functools.partial(<built-in method fetchall of sqlite3.Cursor object at 0x0000021FD9832A40>) completed
2026-07-30 10:51:52,942 [DEBUG] aiosqlite - core.py:62 - executing functools.partial(<built-in method close of sqlite3.Cursor object at 0x0000021FD9832A40>)
2026-07-30 10:51:52,942 [DEBUG] aiosqlite - core.py:67 - operation functools.partial(<built-in method close of sqlite3.Cursor object at 0x0000021FD9832A40>) completed
2026-07-30 10:51:52,942 [DEBUG] aiosqlite - core.py:62 - executing functools.partial(<built-in method cursor of sqlite3.Connection object at 0x0000021FD98156C0>)
2026-07-30 10:51:52,942 [DEBUG] aiosqlite - core.py:67 - operation functools.partial(<built-in method cursor of sqlite3.Connection object at 0x0000021FD98156C0>) completed
2026-07-30 10:51:52,943 [DEBUG] aiosqlite - core.py:62 - executing functools.partial(<built-in method execute of sqlite3.Cursor object at 0x0000021FD9832AC0>, 'PRAGMA temp.table_info("comments")', ())
2026-07-30 10:51:52,943 [DEBUG] aiosqlite - core.py:67 - operation functools.partial(<built-in method execute of sqlite3.Cursor object at 0x0000021FD9832AC0>, 'PRAGMA temp.table_info("comments")', ()) completed
2026-07-30 10:51:52,943 [DEBUG] aiosqlite - core.py:62 - executing functools.partial(<built-in method fetchall of sqlite3.Cursor object at 0x0000021FD9832AC0>)
2026-07-30 10:51:52,943 [DEBUG] aiosqlite - core.py:67 - operation functools.partial(<built-in method fetchall of sqlite3.Cursor object at 0x0000021FD9832AC0>) completed
2026-07-30 10:51:52,943 [DEBUG] aiosqlite - core.py:62 - executing functools.partial(<built-in method close of sqlite3.Cursor object at 0x0000021FD9832AC0>)
2026-07-30 10:51:52,944 [DEBUG] aiosqlite - core.py:67 - operation functools.partial(<built-in method close of sqlite3.Cursor object at 0x0000021FD9832AC0>) completed
2026-07-30 10:51:52,944 [DEBUG] aiosqlite - core.py:62 - executing functools.partial(<built-in method cursor of sqlite3.Connection object at 0x0000021FD98156C0>)
2026-07-30 10:51:52,944 [DEBUG] aiosqlite - core.py:67 - operation functools.partial(<built-in method cursor of sqlite3.Connection object at 0x0000021FD98156C0>) completed
2026-07-30 10:51:52,944 [DEBUG] aiosqlite - core.py:62 - executing functools.partial(<built-in method execute of sqlite3.Cursor object at 0x0000021FD9832BC0>, 'PRAGMA main.table_info("notifications")', ())
2026-07-30 10:51:52,944 [DEBUG] aiosqlite - core.py:67 - operation functools.partial(<built-in method execute of sqlite3.Cursor object at 0x0000021FD9832BC0>, 'PRAGMA main.table_info("notifications")', ()) completed
2026-07-30 10:51:52,945 [DEBUG] aiosqlite - core.py:62 - executing functools.partial(<built-in method fetchall of sqlite3.Cursor object at 0x0000021FD9832BC0>)
2026-07-30 10:51:52,945 [DEBUG] aiosqlite - core.py:67 - operation functools.partial(<built-in method fetchall of sqlite3.Cursor object at 0x0000021FD9832BC0>) completed
2026-07-30 10:51:52,945 [DEBUG] aiosqlite - core.py:62 - executing functools.partial(<built-in method close of sqlite3.Cursor object at 0x0000021FD9832BC0>)
2026-07-30 10:51:52,945 [DEBUG] aiosqlite - core.py:67 - operation functools.partial(<built-in method close of sqlite3.Cursor object at 0x0000021FD9832BC0>) completed
2026-07-30 10:51:52,945 [DEBUG] aiosqlite - core.py:62 - executing functools.partial(<built-in method cursor of sqlite3.Connection object at 0x0000021FD98156C0>)
2026-07-30 10:51:52,946 [DEBUG] aiosqlite - core.py:67 - operation functools.partial(<built-in method cursor of sqlite3.Connection object at 0x0000021FD98156C0>) completed
2026-07-30 10:51:52,946 [DEBUG] aiosqlite - core.py:62 - executing functools.partial(<built-in method execute of sqlite3.Cursor object at 0x0000021FD9832C40>, 'PRAGMA temp.table_info("notifications")', ())
2026-07-30 10:51:52,946 [DEBUG] aiosqlite - core.py:67 - operation functools.partial(<built-in method execute of sqlite3.Cursor object at 0x0000021FD9832C40>, 'PRAGMA temp.table_info("notifications")', ()) completed
2026-07-30 10:51:52,947 [DEBUG] aiosqlite - core.py:62 - executing functools.partial(<built-in method fetchall of sqlite3.Cursor object at 0x0000021FD9832C40>)
2026-07-30 10:51:52,947 [DEBUG] aiosqlite - core.py:67 - operation functools.partial(<built-in method fetchall of sqlite3.Cursor object at 0x0000021FD9832C40>) completed
2026-07-30 10:51:52,947 [DEBUG] aiosqlite - core.py:62 - executing functools.partial(<built-in method close of sqlite3.Cursor object at 0x0000021FD9832C40>)
2026-07-30 10:51:52,947 [DEBUG] aiosqlite - core.py:67 - operation functools.partial(<built-in method close of sqlite3.Cursor object at 0x0000021FD9832C40>) completed
2026-07-30 10:51:52,947 [DEBUG] aiosqlite - core.py:62 - executing functools.partial(<built-in method cursor of sqlite3.Connection object at 0x0000021FD98156C0>)
2026-07-30 10:51:52,948 [DEBUG] aiosqlite - core.py:67 - operation functools.partial(<built-in method cursor of sqlite3.Connection object at 0x0000021FD98156C0>) completed
2026-07-30 10:51:52,948 [DEBUG] aiosqlite - core.py:62 - executing functools.partial(<built-in method execute of sqlite3.Cursor object at 0x0000021FD9832D40>, 'PRAGMA main.table_info("projects")', ())
2026-07-30 10:51:52,948 [DEBUG] aiosqlite - core.py:67 - operation functools.partial(<built-in method execute of sqlite3.Cursor object at 0x0000021FD9832D40>, 'PRAGMA main.table_info("projects")', ()) completed
2026-07-30 10:51:52,948 [DEBUG] aiosqlite - core.py:62 - executing functools.partial(<built-in method fetchall of sqlite3.Cursor object at 0x0000021FD9832D40>)
2026-07-30 10:51:52,948 [DEBUG] aiosqlite - core.py:67 - operation functools.partial(<built-in method fetchall of sqlite3.Cursor object at 0x0000021FD9832D40>) completed
2026-07-30 10:51:52,949 [DEBUG] aiosqlite - core.py:62 - executing functools.partial(<built-in method close of sqlite3.Cursor object at 0x0000021FD9832D40>)
2026-07-30 10:51:52,949 [DEBUG] aiosqlite - core.py:67 - operation functools.partial(<built-in method close of sqlite3.Cursor object at 0x0000021FD9832D40>) completed
2026-07-30 10:51:52,949 [DEBUG] aiosqlite - core.py:62 - executing functools.partial(<built-in method cursor of sqlite3.Connection object at 0x0000021FD98156C0>)
2026-07-30 10:51:52,949 [DEBUG] aiosqlite - core.py:67 - operation functools.partial(<built-in method cursor of sqlite3.Connection object at 0x0000021FD98156C0>) completed
2026-07-30 10:51:52,949 [DEBUG] aiosqlite - core.py:62 - executing functools.partial(<built-in method execute of sqlite3.Cursor object at 0x0000021FD9832E40>, 'PRAGMA temp.table_info("projects")', ())
2026-07-30 10:51:52,949 [DEBUG] aiosqlite - core.py:67 - operation functools.partial(<built-in method execute of sqlite3.Cursor object at 0x0000021FD9832E40>, 'PRAGMA temp.table_info("projects")', ()) completed
2026-07-30 10:51:52,950 [DEBUG] aiosqlite - core.py:62 - executing functools.partial(<built-in method fetchall of sqlite3.Cursor object at 0x0000021FD9832E40>)
2026-07-30 10:51:52,950 [DEBUG] aiosqlite - core.py:67 - operation functools.partial(<built-in method fetchall of sqlite3.Cursor object at 0x0000021FD9832E40>) completed
2026-07-30 10:51:52,950 [DEBUG] aiosqlite - core.py:62 - executing functools.partial(<built-in method close of sqlite3.Cursor object at 0x0000021FD9832E40>)
2026-07-30 10:51:52,950 [DEBUG] aiosqlite - core.py:67 - operation functools.partial(<built-in method close of sqlite3.Cursor object at 0x0000021FD9832E40>) completed
2026-07-30 10:51:52,951 [DEBUG] aiosqlite - core.py:62 - executing functools.partial(<built-in method cursor of sqlite3.Connection object at 0x0000021FD98156C0>)
2026-07-30 10:51:52,951 [DEBUG] aiosqlite - core.py:67 - operation functools.partial(<built-in method cursor of sqlite3.Connection object at 0x0000021FD98156C0>) completed
2026-07-30 10:51:52,951 [DEBUG] aiosqlite - core.py:62 - executing functools.partial(<built-in method execute of sqlite3.Cursor object at 0x0000021FD9832F40>, 'PRAGMA main.table_info("project_members")', ())
2026-07-30 10:51:52,951 [DEBUG] aiosqlite - core.py:67 - operation functools.partial(<built-in method execute of sqlite3.Cursor object at 0x0000021FD9832F40>, 'PRAGMA main.table_info("project_members")', ()) completed
2026-07-30 10:51:52,951 [DEBUG] aiosqlite - core.py:62 - executing functools.partial(<built-in method fetchall of sqlite3.Cursor object at 0x0000021FD9832F40>)
2026-07-30 10:51:52,951 [DEBUG] aiosqlite - core.py:67 - operation functools.partial(<built-in method fetchall of sqlite3.Cursor object at 0x0000021FD9832F40>) completed
2026-07-30 10:51:52,952 [DEBUG] aiosqlite - core.py:62 - executing functools.partial(<built-in method close of sqlite3.Cursor object at 0x0000021FD9832F40>)
2026-07-30 10:51:52,952 [DEBUG] aiosqlite - core.py:67 - operation functools.partial(<built-in method close of sqlite3.Cursor object at 0x0000021FD9832F40>) completed
2026-07-30 10:51:52,952 [DEBUG] aiosqlite - core.py:62 - executing functools.partial(<built-in method cursor of sqlite3.Connection object at 0x0000021FD98156C0>)
2026-07-30 10:51:52,952 [DEBUG] aiosqlite - core.py:67 - operation functools.partial(<built-in method cursor of sqlite3.Connection object at 0x0000021FD98156C0>) completed
2026-07-30 10:51:52,953 [DEBUG] aiosqlite - core.py:62 - executing functools.partial(<built-in method execute of sqlite3.Cursor object at 0x0000021FD9832FC0>, 'PRAGMA temp.table_info("project_members")', ())
2026-07-30 10:51:52,953 [DEBUG] aiosqlite - core.py:67 - operation functools.partial(<built-in method execute of sqlite3.Cursor object at 0x0000021FD9832FC0>, 'PRAGMA temp.table_info("project_members")', ()) completed
2026-07-30 10:51:52,953 [DEBUG] aiosqlite - core.py:62 - executing functools.partial(<built-in method fetchall of sqlite3.Cursor object at 0x0000021FD9832FC0>)
2026-07-30 10:51:52,953 [DEBUG] aiosqlite - core.py:67 - operation functools.partial(<built-in method fetchall of sqlite3.Cursor object at 0x0000021FD9832FC0>) completed
2026-07-30 10:51:52,954 [DEBUG] aiosqlite - core.py:62 - executing functools.partial(<built-in method close of sqlite3.Cursor object at 0x0000021FD9832FC0>)
2026-07-30 10:51:52,954 [DEBUG] aiosqlite - core.py:67 - operation functools.partial(<built-in method close of sqlite3.Cursor object at 0x0000021FD9832FC0>) completed
2026-07-30 10:51:52,955 [DEBUG] aiosqlite - core.py:62 - executing functools.partial(<built-in method cursor of sqlite3.Connection object at 0x0000021FD98156C0>)
2026-07-30 10:51:52,955 [DEBUG] aiosqlite - core.py:67 - operation functools.partial(<built-in method cursor of sqlite3.Connection object at 0x0000021FD98156C0>) completed
2026-07-30 10:51:52,955 [DEBUG] aiosqlite - core.py:62 - executing functools.partial(<built-in method execute of sqlite3.Cursor object at 0x0000021FD9833040>, 'PRAGMA main.table_info("refresh_tokens")', ())
2026-07-30 10:51:52,955 [DEBUG] aiosqlite - core.py:67 - operation functools.partial(<built-in method execute of sqlite3.Cursor object at 0x0000021FD9833040>, 'PRAGMA main.table_info("refresh_tokens")', ()) completed
2026-07-30 10:51:52,956 [DEBUG] aiosqlite - core.py:62 - executing functools.partial(<built-in method fetchall of sqlite3.Cursor object at 0x0000021FD9833040>)
2026-07-30 10:51:52,956 [DEBUG] aiosqlite - core.py:67 - operation functools.partial(<built-in method fetchall of sqlite3.Cursor object at 0x0000021FD9833040>) completed
2026-07-30 10:51:52,956 [DEBUG] aiosqlite - core.py:62 - executing functools.partial(<built-in method close of sqlite3.Cursor object at 0x0000021FD9833040>)
2026-07-30 10:51:52,957 [DEBUG] aiosqlite - core.py:67 - operation functools.partial(<built-in method close of sqlite3.Cursor object at 0x0000021FD9833040>) completed
2026-07-30 10:51:52,957 [DEBUG] aiosqlite - core.py:62 - executing functools.partial(<built-in method cursor of sqlite3.Connection object at 0x0000021FD98156C0>)
2026-07-30 10:51:52,957 [DEBUG] aiosqlite - core.py:67 - operation functools.partial(<built-in method cursor of sqlite3.Connection object at 0x0000021FD98156C0>) completed
2026-07-30 10:51:52,958 [DEBUG] aiosqlite - core.py:62 - executing functools.partial(<built-in method execute of sqlite3.Cursor object at 0x0000021FD9833140>, 'PRAGMA temp.table_info("refresh_tokens")', ())
2026-07-30 10:51:52,958 [DEBUG] aiosqlite - core.py:67 - operation functools.partial(<built-in method execute of sqlite3.Cursor object at 0x0000021FD9833140>, 'PRAGMA temp.table_info("refresh_tokens")', ()) completed
2026-07-30 10:51:52,958 [DEBUG] aiosqlite - core.py:62 - executing functools.partial(<built-in method fetchall of sqlite3.Cursor object at 0x0000021FD9833140>)
2026-07-30 10:51:52,958 [DEBUG] aiosqlite - core.py:67 - operation functools.partial(<built-in method fetchall of sqlite3.Cursor object at 0x0000021FD9833140>) completed
2026-07-30 10:51:52,958 [DEBUG] aiosqlite - core.py:62 - executing functools.partial(<built-in method close of sqlite3.Cursor object at 0x0000021FD9833140>)
2026-07-30 10:51:52,958 [DEBUG] aiosqlite - core.py:67 - operation functools.partial(<built-in method close of sqlite3.Cursor object at 0x0000021FD9833140>) completed
2026-07-30 10:51:52,959 [DEBUG] aiosqlite - core.py:62 - executing functools.partial(<built-in method cursor of sqlite3.Connection object at 0x0000021FD98156C0>)
2026-07-30 10:51:52,959 [DEBUG] aiosqlite - core.py:67 - operation functools.partial(<built-in method cursor of sqlite3.Connection object at 0x0000021FD98156C0>) completed
2026-07-30 10:51:52,959 [DEBUG] aiosqlite - core.py:62 - executing functools.partial(<built-in method execute of sqlite3.Cursor object at 0x0000021FD9833240>, 'PRAGMA main.table_info("tasks")', ())
2026-07-30 10:51:52,959 [DEBUG] aiosqlite - core.py:67 - operation functools.partial(<built-in method execute of sqlite3.Cursor object at 0x0000021FD9833240>, 'PRAGMA main.table_info("tasks")', ()) completed
2026-07-30 10:51:52,959 [DEBUG] aiosqlite - core.py:62 - executing functools.partial(<built-in method fetchall of sqlite3.Cursor object at 0x0000021FD9833240>)
2026-07-30 10:51:52,960 [DEBUG] aiosqlite - core.py:67 - operation functools.partial(<built-in method fetchall of sqlite3.Cursor object at 0x0000021FD9833240>) completed
2026-07-30 10:51:52,960 [DEBUG] aiosqlite - core.py:62 - executing functools.partial(<built-in method close of sqlite3.Cursor object at 0x0000021FD9833240>)
2026-07-30 10:51:52,960 [DEBUG] aiosqlite - core.py:67 - operation functools.partial(<built-in method close of sqlite3.Cursor object at 0x0000021FD9833240>) completed
2026-07-30 10:51:52,960 [DEBUG] aiosqlite - core.py:62 - executing functools.partial(<built-in method cursor of sqlite3.Connection object at 0x0000021FD98156C0>)
2026-07-30 10:51:52,960 [DEBUG] aiosqlite - core.py:67 - operation functools.partial(<built-in method cursor of sqlite3.Connection object at 0x0000021FD98156C0>) completed
2026-07-30 10:51:52,961 [DEBUG] aiosqlite - core.py:62 - executing functools.partial(<built-in method execute of sqlite3.Cursor object at 0x0000021FD98332C0>, 'PRAGMA temp.table_info("tasks")', ())
2026-07-30 10:51:52,961 [DEBUG] aiosqlite - core.py:67 - operation functools.partial(<built-in method execute of sqlite3.Cursor object at 0x0000021FD98332C0>, 'PRAGMA temp.table_info("tasks")', ()) completed
2026-07-30 10:51:52,961 [DEBUG] aiosqlite - core.py:62 - executing functools.partial(<built-in method fetchall of sqlite3.Cursor object at 0x0000021FD98332C0>)
2026-07-30 10:51:52,961 [DEBUG] aiosqlite - core.py:67 - operation functools.partial(<built-in method fetchall of sqlite3.Cursor object at 0x0000021FD98332C0>) completed
2026-07-30 10:51:52,961 [DEBUG] aiosqlite - core.py:62 - executing functools.partial(<built-in method close of sqlite3.Cursor object at 0x0000021FD98332C0>)
2026-07-30 10:51:52,961 [DEBUG] aiosqlite - core.py:67 - operation functools.partial(<built-in method close of sqlite3.Cursor object at 0x0000021FD98332C0>) completed
2026-07-30 10:51:52,962 [DEBUG] aiosqlite - core.py:62 - executing functools.partial(<built-in method cursor of sqlite3.Connection object at 0x0000021FD98156C0>)
2026-07-30 10:51:52,962 [DEBUG] aiosqlite - core.py:67 - operation functools.partial(<built-in method cursor of sqlite3.Connection object at 0x0000021FD98156C0>) completed
2026-07-30 10:51:52,962 [DEBUG] aiosqlite - core.py:62 - executing functools.partial(<built-in method execute of sqlite3.Cursor object at 0x0000021FD9833340>, 'PRAGMA main.table_info("users")', ())
2026-07-30 10:51:52,962 [DEBUG] aiosqlite - core.py:67 - operation functools.partial(<built-in method execute of sqlite3.Cursor object at 0x0000021FD9833340>, 'PRAGMA main.table_info("users")', ()) completed
2026-07-30 10:51:52,962 [DEBUG] aiosqlite - core.py:62 - executing functools.partial(<built-in method fetchall of sqlite3.Cursor object at 0x0000021FD9833340>)
2026-07-30 10:51:52,962 [DEBUG] aiosqlite - core.py:67 - operation functools.partial(<built-in method fetchall of sqlite3.Cursor object at 0x0000021FD9833340>) completed
2026-07-30 10:51:52,962 [DEBUG] aiosqlite - core.py:62 - executing functools.partial(<built-in method close of sqlite3.Cursor object at 0x0000021FD9833340>)
2026-07-30 10:51:52,962 [DEBUG] aiosqlite - core.py:67 - operation functools.partial(<built-in method close of sqlite3.Cursor object at 0x0000021FD9833340>) completed
2026-07-30 10:51:52,963 [DEBUG] aiosqlite - core.py:62 - executing functools.partial(<built-in method cursor of sqlite3.Connection object at 0x0000021FD98156C0>)
2026-07-30 10:51:52,963 [DEBUG] aiosqlite - core.py:67 - operation functools.partial(<built-in method cursor of sqlite3.Connection object at 0x0000021FD98156C0>) completed
2026-07-30 10:51:52,963 [DEBUG] aiosqlite - core.py:62 - executing functools.partial(<built-in method execute of sqlite3.Cursor object at 0x0000021FD98333C0>, 'PRAGMA temp.table_info("users")', ())
2026-07-30 10:51:52,963 [DEBUG] aiosqlite - core.py:67 - operation functools.partial(<built-in method execute of sqlite3.Cursor object at 0x0000021FD98333C0>, 'PRAGMA temp.table_info("users")', ()) completed
2026-07-30 10:51:52,963 [DEBUG] aiosqlite - core.py:62 - executing functools.partial(<built-in method fetchall of sqlite3.Cursor object at 0x0000021FD98333C0>)
2026-07-30 10:51:52,963 [DEBUG] aiosqlite - core.py:67 - operation functools.partial(<built-in method fetchall of sqlite3.Cursor object at 0x0000021FD98333C0>) completed
2026-07-30 10:51:52,963 [DEBUG] aiosqlite - core.py:62 - executing functools.partial(<built-in method close of sqlite3.Cursor object at 0x0000021FD98333C0>)
2026-07-30 10:51:52,963 [DEBUG] aiosqlite - core.py:67 - operation functools.partial(<built-in method close of sqlite3.Cursor object at 0x0000021FD98333C0>) completed
2026-07-30 10:51:52,964 [DEBUG] aiosqlite - core.py:62 - executing functools.partial(<built-in method cursor of sqlite3.Connection object at 0x0000021FD98156C0>)
2026-07-30 10:51:52,964 [DEBUG] aiosqlite - core.py:67 - operation functools.partial(<built-in method cursor of sqlite3.Connection object at 0x0000021FD98156C0>) completed
2026-07-30 10:51:52,964 [DEBUG] aiosqlite - core.py:62 - executing functools.partial(<built-in method execute of sqlite3.Cursor object at 0x0000021FD9833540>, 'PRAGMA main.table_info("workspaces")', ())
2026-07-30 10:51:52,964 [DEBUG] aiosqlite - core.py:67 - operation functools.partial(<built-in method execute of sqlite3.Cursor object at 0x0000021FD9833540>, 'PRAGMA main.table_info("workspaces")', ()) completed
2026-07-30 10:51:52,964 [DEBUG] aiosqlite - core.py:62 - executing functools.partial(<built-in method fetchall of sqlite3.Cursor object at 0x0000021FD9833540>)
2026-07-30 10:51:52,964 [DEBUG] aiosqlite - core.py:67 - operation functools.partial(<built-in method fetchall of sqlite3.Cursor object at 0x0000021FD9833540>) completed
2026-07-30 10:51:52,965 [DEBUG] aiosqlite - core.py:62 - executing functools.partial(<built-in method close of sqlite3.Cursor object at 0x0000021FD9833540>)
2026-07-30 10:51:52,965 [DEBUG] aiosqlite - core.py:67 - operation functools.partial(<built-in method close of sqlite3.Cursor object at 0x0000021FD9833540>) completed
2026-07-30 10:51:52,965 [DEBUG] aiosqlite - core.py:62 - executing functools.partial(<built-in method cursor of sqlite3.Connection object at 0x0000021FD98156C0>)
2026-07-30 10:51:52,965 [DEBUG] aiosqlite - core.py:67 - operation functools.partial(<built-in method cursor of sqlite3.Connection object at 0x0000021FD98156C0>) completed
2026-07-30 10:51:52,965 [DEBUG] aiosqlite - core.py:62 - executing functools.partial(<built-in method execute of sqlite3.Cursor object at 0x0000021FD98335C0>, 'PRAGMA temp.table_info("workspaces")', ())
2026-07-30 10:51:52,965 [DEBUG] aiosqlite - core.py:67 - operation functools.partial(<built-in method execute of sqlite3.Cursor object at 0x0000021FD98335C0>, 'PRAGMA temp.table_info("workspaces")', ()) completed
2026-07-30 10:51:52,965 [DEBUG] aiosqlite - core.py:62 - executing functools.partial(<built-in method fetchall of sqlite3.Cursor object at 0x0000021FD98335C0>)
2026-07-30 10:51:52,966 [DEBUG] aiosqlite - core.py:67 - operation functools.partial(<built-in method fetchall of sqlite3.Cursor object at 0x0000021FD98335C0>) completed
2026-07-30 10:51:52,966 [DEBUG] aiosqlite - core.py:62 - executing functools.partial(<built-in method close of sqlite3.Cursor object at 0x0000021FD98335C0>)
2026-07-30 10:51:52,966 [DEBUG] aiosqlite - core.py:67 - operation functools.partial(<built-in method close of sqlite3.Cursor object at 0x0000021FD98335C0>) completed
2026-07-30 10:51:52,966 [DEBUG] aiosqlite - core.py:62 - executing functools.partial(<built-in method cursor of sqlite3.Connection object at 0x0000021FD98156C0>)
2026-07-30 10:51:52,966 [DEBUG] aiosqlite - core.py:67 - operation functools.partial(<built-in method cursor of sqlite3.Connection object at 0x0000021FD98156C0>) completed
2026-07-30 10:51:52,966 [DEBUG] aiosqlite - core.py:62 - executing functools.partial(<built-in method execute of sqlite3.Cursor object at 0x0000021FD98336C0>, 'PRAGMA main.table_info("workspace_members")', ())
2026-07-30 10:51:52,967 [DEBUG] aiosqlite - core.py:67 - operation functools.partial(<built-in method execute of sqlite3.Cursor object at 0x0000021FD98336C0>, 'PRAGMA main.table_info("workspace_members")', ()) completed
2026-07-30 10:51:52,967 [DEBUG] aiosqlite - core.py:62 - executing functools.partial(<built-in method fetchall of sqlite3.Cursor object at 0x0000021FD98336C0>)
2026-07-30 10:51:52,967 [DEBUG] aiosqlite - core.py:67 - operation functools.partial(<built-in method fetchall of sqlite3.Cursor object at 0x0000021FD98336C0>) completed
2026-07-30 10:51:52,967 [DEBUG] aiosqlite - core.py:62 - executing functools.partial(<built-in method close of sqlite3.Cursor object at 0x0000021FD98336C0>)
2026-07-30 10:51:52,967 [DEBUG] aiosqlite - core.py:67 - operation functools.partial(<built-in method close of sqlite3.Cursor object at 0x0000021FD98336C0>) completed
2026-07-30 10:51:52,967 [DEBUG] aiosqlite - core.py:62 - executing functools.partial(<built-in method cursor of sqlite3.Connection object at 0x0000021FD98156C0>)
2026-07-30 10:51:52,967 [DEBUG] aiosqlite - core.py:67 - operation functools.partial(<built-in method cursor of sqlite3.Connection object at 0x0000021FD98156C0>) completed
2026-07-30 10:51:52,968 [DEBUG] aiosqlite - core.py:62 - executing functools.partial(<built-in method execute of sqlite3.Cursor object at 0x0000021FD9833740>, 'PRAGMA temp.table_info("workspace_members")', ())
2026-07-30 10:51:52,968 [DEBUG] aiosqlite - core.py:67 - operation functools.partial(<built-in method execute of sqlite3.Cursor object at 0x0000021FD9833740>, 'PRAGMA temp.table_info("workspace_members")', ()) completed
2026-07-30 10:51:52,968 [DEBUG] aiosqlite - core.py:62 - executing functools.partial(<built-in method fetchall of sqlite3.Cursor object at 0x0000021FD9833740>)
2026-07-30 10:51:52,968 [DEBUG] aiosqlite - core.py:67 - operation functools.partial(<built-in method fetchall of sqlite3.Cursor object at 0x0000021FD9833740>) completed
2026-07-30 10:51:52,968 [DEBUG] aiosqlite - core.py:62 - executing functools.partial(<built-in method close of sqlite3.Cursor object at 0x0000021FD9833740>)
2026-07-30 10:51:52,968 [DEBUG] aiosqlite - core.py:67 - operation functools.partial(<built-in method close of sqlite3.Cursor object at 0x0000021FD9833740>) completed
2026-07-30 10:51:52,969 [DEBUG] aiosqlite - core.py:62 - executing functools.partial(<built-in method cursor of sqlite3.Connection object at 0x0000021FD98156C0>)
2026-07-30 10:51:52,970 [DEBUG] aiosqlite - core.py:67 - operation functools.partial(<built-in method cursor of sqlite3.Connection object at 0x0000021FD98156C0>) completed
2026-07-30 10:51:52,970 [DEBUG] aiosqlite - core.py:62 - executing functools.partial(<built-in method execute of sqlite3.Cursor object at 0x0000021FD9833440>, '\nCREATE TABLE users (\n\tid UUID NOT NULL, \n\temail VARCHAR(255) NOT NULL, \n\thashed_password VARCHAR(255) NOT NULL, \n\tfull_name VARCHAR(255), \n\trole VARCHAR(5) NOT NULL, \n\tis_active BOOLEAN NOT NULL, \n\tis_verified BOOLEAN NOT NULL, \n\tcreated_at DATETIME NOT NULL, \n\tupdated_at DATETIME NOT NULL, \n\tPRIMARY KEY (id)\n)\n\n', ())
2026-07-30 10:51:52,971 [DEBUG] aiosqlite - core.py:67 - operation functools.partial(<built-in method execute of sqlite3.Cursor object at 0x0000021FD9833440>, '\nCREATE TABLE users (\n\tid UUID NOT NULL, \n\temail VARCHAR(255) NOT NULL, \n\thashed_password VARCHAR(255) NOT NULL, \n\tfull_name VARCHAR(255), \n\trole VARCHAR(5) NOT NULL, \n\tis_active BOOLEAN NOT NULL, \n\tis_verified BOOLEAN NOT NULL, \n\tcreated_at DATETIME NOT NULL, \n\tupdated_at DATETIME NOT NULL, \n\tPRIMARY KEY (id)\n)\n\n', ()) completed
2026-07-30 10:51:52,971 [DEBUG] aiosqlite - core.py:62 - executing functools.partial(<built-in method close of sqlite3.Cursor object at 0x0000021FD9833440>)
2026-07-30 10:51:52,971 [DEBUG] aiosqlite - core.py:67 - operation functools.partial(<built-in method close of sqlite3.Cursor object at 0x0000021FD9833440>) completed
2026-07-30 10:51:52,972 [DEBUG] aiosqlite - core.py:62 - executing functools.partial(<built-in method cursor of sqlite3.Connection object at 0x0000021FD98156C0>)
2026-07-30 10:51:52,972 [DEBUG] aiosqlite - core.py:67 - operation functools.partial(<built-in method cursor of sqlite3.Connection object at 0x0000021FD98156C0>) completed
2026-07-30 10:51:52,973 [DEBUG] aiosqlite - core.py:62 - executing functools.partial(<built-in method execute of sqlite3.Cursor object at 0x0000021FD9833C40>, 'CREATE UNIQUE INDEX ix_users_email ON users (email)', ())
2026-07-30 10:51:52,973 [DEBUG] aiosqlite - core.py:67 - operation functools.partial(<built-in method execute of sqlite3.Cursor object at 0x0000021FD9833C40>, 'CREATE UNIQUE INDEX ix_users_email ON users (email)', ()) completed
2026-07-30 10:51:52,973 [DEBUG] aiosqlite - core.py:62 - executing functools.partial(<built-in method close of sqlite3.Cursor object at 0x0000021FD9833C40>)
2026-07-30 10:51:52,973 [DEBUG] aiosqlite - core.py:67 - operation functools.partial(<built-in method close of sqlite3.Cursor object at 0x0000021FD9833C40>) completed
2026-07-30 10:51:52,974 [DEBUG] aiosqlite - core.py:62 - executing functools.partial(<built-in method cursor of sqlite3.Connection object at 0x0000021FD98156C0>)
2026-07-30 10:51:52,974 [DEBUG] aiosqlite - core.py:67 - operation functools.partial(<built-in method cursor of sqlite3.Connection object at 0x0000021FD98156C0>) completed
2026-07-30 10:51:52,974 [DEBUG] aiosqlite - core.py:62 - executing functools.partial(<built-in method execute of sqlite3.Cursor object at 0x0000021FD9832CC0>, '\nCREATE TABLE audit_logs (\n\tid UUID NOT NULL, \n\tuser_id UUID, \n\taction VARCHAR(100) NOT NULL, \n\tentity_type VARCHAR(100), \n\tentity_id VARCHAR(255), \n\tdetails JSON, \n\tcreated_at DATETIME NOT NULL, \n\tPRIMARY KEY (id), \n\tFOREIGN KEY(user_id) REFERENCES users (id) ON DELETE SET NULL\n)\n\n', ())
2026-07-30 10:51:52,974 [DEBUG] aiosqlite - core.py:67 - operation functools.partial(<built-in method execute of sqlite3.Cursor object at 0x0000021FD9832CC0>, '\nCREATE TABLE audit_logs (\n\tid UUID NOT NULL, \n\tuser_id UUID, \n\taction VARCHAR(100) NOT NULL, \n\tentity_type VARCHAR(100), \n\tentity_id VARCHAR(255), \n\tdetails JSON, \n\tcreated_at DATETIME NOT NULL, \n\tPRIMARY KEY (id), \n\tFOREIGN KEY(user_id) REFERENCES users (id) ON DELETE SET NULL\n)\n\n', ()) completed
2026-07-30 10:51:52,975 [DEBUG] aiosqlite - core.py:62 - executing functools.partial(<built-in method close of sqlite3.Cursor object at 0x0000021FD9832CC0>)
2026-07-30 10:51:52,975 [DEBUG] aiosqlite - core.py:67 - operation functools.partial(<built-in method close of sqlite3.Cursor object at 0x0000021FD9832CC0>) completed
2026-07-30 10:51:52,975 [DEBUG] aiosqlite - core.py:62 - executing functools.partial(<built-in method cursor of sqlite3.Connection object at 0x0000021FD98156C0>)
2026-07-30 10:51:52,975 [DEBUG] aiosqlite - core.py:67 - operation functools.partial(<built-in method cursor of sqlite3.Connection object at 0x0000021FD98156C0>) completed
2026-07-30 10:51:52,976 [DEBUG] aiosqlite - core.py:62 - executing functools.partial(<built-in method execute of sqlite3.Cursor object at 0x0000021FD98940C0>, 'CREATE INDEX ix_audit_logs_user_id ON audit_logs (user_id)', ())
2026-07-30 10:51:52,976 [DEBUG] aiosqlite - core.py:67 - operation functools.partial(<built-in method execute of sqlite3.Cursor object at 0x0000021FD98940C0>, 'CREATE INDEX ix_audit_logs_user_id ON audit_logs (user_id)', ()) completed
2026-07-30 10:51:52,976 [DEBUG] aiosqlite - core.py:62 - executing functools.partial(<built-in method close of sqlite3.Cursor object at 0x0000021FD98940C0>)
2026-07-30 10:51:52,976 [DEBUG] aiosqlite - core.py:67 - operation functools.partial(<built-in method close of sqlite3.Cursor object at 0x0000021FD98940C0>) completed
2026-07-30 10:51:52,977 [DEBUG] aiosqlite - core.py:62 - executing functools.partial(<built-in method cursor of sqlite3.Connection object at 0x0000021FD98156C0>)
2026-07-30 10:51:52,977 [DEBUG] aiosqlite - core.py:67 - operation functools.partial(<built-in method cursor of sqlite3.Connection object at 0x0000021FD98156C0>) completed
2026-07-30 10:51:52,977 [DEBUG] aiosqlite - core.py:62 - executing functools.partial(<built-in method execute of sqlite3.Cursor object at 0x0000021FD9895440>, 'CREATE INDEX ix_audit_logs_action ON audit_logs (action)', ())
2026-07-30 10:51:52,977 [DEBUG] aiosqlite - core.py:67 - operation functools.partial(<built-in method execute of sqlite3.Cursor object at 0x0000021FD9895440>, 'CREATE INDEX ix_audit_logs_action ON audit_logs (action)', ()) completed
2026-07-30 10:51:52,978 [DEBUG] aiosqlite - core.py:62 - executing functools.partial(<built-in method close of sqlite3.Cursor object at 0x0000021FD9895440>)
2026-07-30 10:51:52,978 [DEBUG] aiosqlite - core.py:67 - operation functools.partial(<built-in method close of sqlite3.Cursor object at 0x0000021FD9895440>) completed
2026-07-30 10:51:52,978 [DEBUG] aiosqlite - core.py:62 - executing functools.partial(<built-in method cursor of sqlite3.Connection object at 0x0000021FD98156C0>)
2026-07-30 10:51:52,978 [DEBUG] aiosqlite - core.py:67 - operation functools.partial(<built-in method cursor of sqlite3.Connection object at 0x0000021FD98156C0>) completed
2026-07-30 10:51:52,979 [DEBUG] aiosqlite - core.py:62 - executing functools.partial(<built-in method execute of sqlite3.Cursor object at 0x0000021FD98331C0>, '\nCREATE TABLE notifications (\n\tid UUID NOT NULL, \n\tuser_id UUID NOT NULL, \n\ttype VARCHAR(16) NOT NULL, \n\ttitle VARCHAR(255) NOT NULL, \n\tmessage TEXT NOT NULL, \n\tis_read BOOLEAN NOT NULL, \n\tcreated_at DATETIME NOT NULL, \n\tPRIMARY KEY (id), \n\tFOREIGN KEY(user_id) REFERENCES users (id) ON DELETE CASCADE\n)\n\n', ())
2026-07-30 10:51:52,979 [DEBUG] aiosqlite - core.py:67 - operation functools.partial(<built-in method execute of sqlite3.Cursor object at 0x0000021FD98331C0>, '\nCREATE TABLE notifications (\n\tid UUID NOT NULL, \n\tuser_id UUID NOT NULL, \n\ttype VARCHAR(16) NOT NULL, \n\ttitle VARCHAR(255) NOT NULL, \n\tmessage TEXT NOT NULL, \n\tis_read BOOLEAN NOT NULL, \n\tcreated_at DATETIME NOT NULL, \n\tPRIMARY KEY (id), \n\tFOREIGN KEY(user_id) REFERENCES users (id) ON DELETE CASCADE\n)\n\n', ()) completed
2026-07-30 10:51:52,979 [DEBUG] aiosqlite - core.py:62 - executing functools.partial(<built-in method close of sqlite3.Cursor object at 0x0000021FD98331C0>)
2026-07-30 10:51:52,979 [DEBUG] aiosqlite - core.py:67 - operation functools.partial(<built-in method close of sqlite3.Cursor object at 0x0000021FD98331C0>) completed
2026-07-30 10:51:52,980 [DEBUG] aiosqlite - core.py:62 - executing functools.partial(<built-in method cursor of sqlite3.Connection object at 0x0000021FD98156C0>)
2026-07-30 10:51:52,980 [DEBUG] aiosqlite - core.py:67 - operation functools.partial(<built-in method cursor of sqlite3.Connection object at 0x0000021FD98156C0>) completed
2026-07-30 10:51:52,980 [DEBUG] aiosqlite - core.py:62 - executing functools.partial(<built-in method execute of sqlite3.Cursor object at 0x0000021FD9895EC0>, 'CREATE INDEX ix_notifications_user_id ON notifications (user_id)', ())
2026-07-30 10:51:52,980 [DEBUG] aiosqlite - core.py:67 - operation functools.partial(<built-in method execute of sqlite3.Cursor object at 0x0000021FD9895EC0>, 'CREATE INDEX ix_notifications_user_id ON notifications (user_id)', ()) completed
2026-07-30 10:51:52,980 [DEBUG] aiosqlite - core.py:62 - executing functools.partial(<built-in method close of sqlite3.Cursor object at 0x0000021FD9895EC0>)
2026-07-30 10:51:52,981 [DEBUG] aiosqlite - core.py:67 - operation functools.partial(<built-in method close of sqlite3.Cursor object at 0x0000021FD9895EC0>) completed
2026-07-30 10:51:52,981 [DEBUG] aiosqlite - core.py:62 - executing functools.partial(<built-in method cursor of sqlite3.Connection object at 0x0000021FD98156C0>)
2026-07-30 10:51:52,981 [DEBUG] aiosqlite - core.py:67 - operation functools.partial(<built-in method cursor of sqlite3.Connection object at 0x0000021FD98156C0>) completed
2026-07-30 10:51:52,981 [DEBUG] aiosqlite - core.py:62 - executing functools.partial(<built-in method execute of sqlite3.Cursor object at 0x0000021FD98334C0>, '\nCREATE TABLE refresh_tokens (\n\tid UUID NOT NULL, \n\tuser_id UUID NOT NULL, \n\ttoken_hash VARCHAR(255) NOT NULL, \n\texpires_at DATETIME NOT NULL, \n\trevoked BOOLEAN NOT NULL, \n\tcreated_at DATETIME NOT NULL, \n\tPRIMARY KEY (id), \n\tFOREIGN KEY(user_id) REFERENCES users (id) ON DELETE CASCADE\n)\n\n', ())
2026-07-30 10:51:52,982 [DEBUG] aiosqlite - core.py:67 - operation functools.partial(<built-in method execute of sqlite3.Cursor object at 0x0000021FD98334C0>, '\nCREATE TABLE refresh_tokens (\n\tid UUID NOT NULL, \n\tuser_id UUID NOT NULL, \n\ttoken_hash VARCHAR(255) NOT NULL, \n\texpires_at DATETIME NOT NULL, \n\trevoked BOOLEAN NOT NULL, \n\tcreated_at DATETIME NOT NULL, \n\tPRIMARY KEY (id), \n\tFOREIGN KEY(user_id) REFERENCES users (id) ON DELETE CASCADE\n)\n\n', ()) completed
2026-07-30 10:51:52,982 [DEBUG] aiosqlite - core.py:62 - executing functools.partial(<built-in method close of sqlite3.Cursor object at 0x0000021FD98334C0>)
2026-07-30 10:51:52,982 [DEBUG] aiosqlite - core.py:67 - operation functools.partial(<built-in method close of sqlite3.Cursor object at 0x0000021FD98334C0>) completed
2026-07-30 10:51:52,982 [DEBUG] aiosqlite - core.py:62 - executing functools.partial(<built-in method cursor of sqlite3.Connection object at 0x0000021FD98156C0>)
2026-07-30 10:51:52,982 [DEBUG] aiosqlite - core.py:67 - operation functools.partial(<built-in method cursor of sqlite3.Connection object at 0x0000021FD98156C0>) completed
2026-07-30 10:51:52,983 [DEBUG] aiosqlite - core.py:62 - executing functools.partial(<built-in method execute of sqlite3.Cursor object at 0x0000021FD9896740>, 'CREATE INDEX ix_refresh_tokens_user_id ON refresh_tokens (user_id)', ())
2026-07-30 10:51:52,983 [DEBUG] aiosqlite - core.py:67 - operation functools.partial(<built-in method execute of sqlite3.Cursor object at 0x0000021FD9896740>, 'CREATE INDEX ix_refresh_tokens_user_id ON refresh_tokens (user_id)', ()) completed
2026-07-30 10:51:52,983 [DEBUG] aiosqlite - core.py:62 - executing functools.partial(<built-in method close of sqlite3.Cursor object at 0x0000021FD9896740>)
2026-07-30 10:51:52,983 [DEBUG] aiosqlite - core.py:67 - operation functools.partial(<built-in method close of sqlite3.Cursor object at 0x0000021FD9896740>) completed
2026-07-30 10:51:52,983 [DEBUG] aiosqlite - core.py:62 - executing functools.partial(<built-in method cursor of sqlite3.Connection object at 0x0000021FD98156C0>)
2026-07-30 10:51:52,983 [DEBUG] aiosqlite - core.py:67 - operation functools.partial(<built-in method cursor of sqlite3.Connection object at 0x0000021FD98156C0>) completed
2026-07-30 10:51:52,984 [DEBUG] aiosqlite - core.py:62 - executing functools.partial(<built-in method execute of sqlite3.Cursor object at 0x0000021FD9896A40>, 'CREATE UNIQUE INDEX ix_refresh_tokens_token_hash ON refresh_tokens (token_hash)', ())
2026-07-30 10:51:52,984 [DEBUG] aiosqlite - core.py:67 - operation functools.partial(<built-in method execute of sqlite3.Cursor object at 0x0000021FD9896A40>, 'CREATE UNIQUE INDEX ix_refresh_tokens_token_hash ON refresh_tokens (token_hash)', ()) completed
2026-07-30 10:51:52,984 [DEBUG] aiosqlite - core.py:62 - executing functools.partial(<built-in method close of sqlite3.Cursor object at 0x0000021FD9896A40>)
2026-07-30 10:51:52,984 [DEBUG] aiosqlite - core.py:67 - operation functools.partial(<built-in method close of sqlite3.Cursor object at 0x0000021FD9896A40>) completed
2026-07-30 10:51:52,985 [DEBUG] aiosqlite - core.py:62 - executing functools.partial(<built-in method cursor of sqlite3.Connection object at 0x0000021FD98156C0>)
2026-07-30 10:51:52,985 [DEBUG] aiosqlite - core.py:67 - operation functools.partial(<built-in method cursor of sqlite3.Connection object at 0x0000021FD98156C0>) completed
2026-07-30 10:51:52,985 [DEBUG] aiosqlite - core.py:62 - executing functools.partial(<built-in method execute of sqlite3.Cursor object at 0x0000021FD9896F40>, '\nCREATE TABLE workspaces (\n\tid UUID NOT NULL, \n\tname VARCHAR(255) NOT NULL, \n\tdescription TEXT, \n\towner_id UUID NOT NULL, \n\tcreated_at DATETIME NOT NULL, \n\tupdated_at DATETIME NOT NULL, \n\tPRIMARY KEY (id), \n\tFOREIGN KEY(owner_id) REFERENCES users (id) ON DELETE CASCADE\n)\n\n', ())
2026-07-30 10:51:52,985 [DEBUG] aiosqlite - core.py:67 - operation functools.partial(<built-in method execute of sqlite3.Cursor object at 0x0000021FD9896F40>, '\nCREATE TABLE workspaces (\n\tid UUID NOT NULL, \n\tname VARCHAR(255) NOT NULL, \n\tdescription TEXT, \n\towner_id UUID NOT NULL, \n\tcreated_at DATETIME NOT NULL, \n\tupdated_at DATETIME NOT NULL, \n\tPRIMARY KEY (id), \n\tFOREIGN KEY(owner_id) REFERENCES users (id) ON DELETE CASCADE\n)\n\n', ()) completed
2026-07-30 10:51:52,986 [DEBUG] aiosqlite - core.py:62 - executing functools.partial(<built-in method close of sqlite3.Cursor object at 0x0000021FD9896F40>)
2026-07-30 10:51:52,986 [DEBUG] aiosqlite - core.py:67 - operation functools.partial(<built-in method close of sqlite3.Cursor object at 0x0000021FD9896F40>) completed
2026-07-30 10:51:52,986 [DEBUG] aiosqlite - core.py:62 - executing functools.partial(<built-in method cursor of sqlite3.Connection object at 0x0000021FD98156C0>)
2026-07-30 10:51:52,986 [DEBUG] aiosqlite - core.py:67 - operation functools.partial(<built-in method cursor of sqlite3.Connection object at 0x0000021FD98156C0>) completed
2026-07-30 10:51:52,987 [DEBUG] aiosqlite - core.py:62 - executing functools.partial(<built-in method execute of sqlite3.Cursor object at 0x0000021FD9897440>, 'CREATE INDEX ix_workspaces_owner_id ON workspaces (owner_id)', ())
2026-07-30 10:51:52,987 [DEBUG] aiosqlite - core.py:67 - operation functools.partial(<built-in method execute of sqlite3.Cursor object at 0x0000021FD9897440>, 'CREATE INDEX ix_workspaces_owner_id ON workspaces (owner_id)', ()) completed
2026-07-30 10:51:52,987 [DEBUG] aiosqlite - core.py:62 - executing functools.partial(<built-in method close of sqlite3.Cursor object at 0x0000021FD9897440>)
2026-07-30 10:51:52,988 [DEBUG] aiosqlite - core.py:67 - operation functools.partial(<built-in method close of sqlite3.Cursor object at 0x0000021FD9897440>) completed
2026-07-30 10:51:52,988 [DEBUG] aiosqlite - core.py:62 - executing functools.partial(<built-in method cursor of sqlite3.Connection object at 0x0000021FD98156C0>)
2026-07-30 10:51:52,989 [DEBUG] aiosqlite - core.py:67 - operation functools.partial(<built-in method cursor of sqlite3.Connection object at 0x0000021FD98156C0>) completed
2026-07-30 10:51:52,989 [DEBUG] aiosqlite - core.py:62 - executing functools.partial(<built-in method execute of sqlite3.Cursor object at 0x0000021FD9896DC0>, '\nCREATE TABLE projects (\n\tid UUID NOT NULL, \n\tname VARCHAR(255) NOT NULL, \n\tdescription TEXT, \n\towner_id UUID NOT NULL, \n\tworkspace_id UUID, \n\tis_archived BOOLEAN NOT NULL, \n\tcreated_at DATETIME NOT NULL, \n\tupdated_at DATETIME NOT NULL, \n\tPRIMARY KEY (id), \n\tFOREIGN KEY(owner_id) REFERENCES users (id) ON DELETE CASCADE, \n\tFOREIGN KEY(workspace_id) REFERENCES workspaces (id) ON DELETE CASCADE\n)\n\n', ())
2026-07-30 10:51:52,989 [DEBUG] aiosqlite - core.py:67 - operation functools.partial(<built-in method execute of sqlite3.Cursor object at 0x0000021FD9896DC0>, '\nCREATE TABLE projects (\n\tid UUID NOT NULL, \n\tname VARCHAR(255) NOT NULL, \n\tdescription TEXT, \n\towner_id UUID NOT NULL, \n\tworkspace_id UUID, \n\tis_archived BOOLEAN NOT NULL, \n\tcreated_at DATETIME NOT NULL, \n\tupdated_at DATETIME NOT NULL, \n\tPRIMARY KEY (id), \n\tFOREIGN KEY(owner_id) REFERENCES users (id) ON DELETE CASCADE, \n\tFOREIGN KEY(workspace_id) REFERENCES workspaces (id) ON DELETE CASCADE\n)\n\n', ()) completed
2026-07-30 10:51:52,989 [DEBUG] aiosqlite - core.py:62 - executing functools.partial(<built-in method close of sqlite3.Cursor object at 0x0000021FD9896DC0>)
2026-07-30 10:51:52,990 [DEBUG] aiosqlite - core.py:67 - operation functools.partial(<built-in method close of sqlite3.Cursor object at 0x0000021FD9896DC0>) completed
2026-07-30 10:51:52,990 [DEBUG] aiosqlite - core.py:62 - executing functools.partial(<built-in method cursor of sqlite3.Connection object at 0x0000021FD98156C0>)
2026-07-30 10:51:52,990 [DEBUG] aiosqlite - core.py:67 - operation functools.partial(<built-in method cursor of sqlite3.Connection object at 0x0000021FD98156C0>) completed
2026-07-30 10:51:52,990 [DEBUG] aiosqlite - core.py:62 - executing functools.partial(<built-in method execute of sqlite3.Cursor object at 0x0000021FD9897D40>, 'CREATE INDEX ix_projects_workspace_id ON projects (workspace_id)', ())
2026-07-30 10:51:52,991 [DEBUG] aiosqlite - core.py:67 - operation functools.partial(<built-in method execute of sqlite3.Cursor object at 0x0000021FD9897D40>, 'CREATE INDEX ix_projects_workspace_id ON projects (workspace_id)', ()) completed
2026-07-30 10:51:52,991 [DEBUG] aiosqlite - core.py:62 - executing functools.partial(<built-in method close of sqlite3.Cursor object at 0x0000021FD9897D40>)
2026-07-30 10:51:52,991 [DEBUG] aiosqlite - core.py:67 - operation functools.partial(<built-in method close of sqlite3.Cursor object at 0x0000021FD9897D40>) completed
2026-07-30 10:51:52,991 [DEBUG] aiosqlite - core.py:62 - executing functools.partial(<built-in method cursor of sqlite3.Connection object at 0x0000021FD98156C0>)
2026-07-30 10:51:52,991 [DEBUG] aiosqlite - core.py:67 - operation functools.partial(<built-in method cursor of sqlite3.Connection object at 0x0000021FD98156C0>) completed
2026-07-30 10:51:52,992 [DEBUG] aiosqlite - core.py:62 - executing functools.partial(<built-in method execute of sqlite3.Cursor object at 0x0000021FD9897BC0>, 'CREATE INDEX ix_projects_owner_id ON projects (owner_id)', ())
2026-07-30 10:51:52,992 [DEBUG] aiosqlite - core.py:67 - operation functools.partial(<built-in method execute of sqlite3.Cursor object at 0x0000021FD9897BC0>, 'CREATE INDEX ix_projects_owner_id ON projects (owner_id)', ()) completed
2026-07-30 10:51:52,992 [DEBUG] aiosqlite - core.py:62 - executing functools.partial(<built-in method close of sqlite3.Cursor object at 0x0000021FD9897BC0>)
2026-07-30 10:51:52,992 [DEBUG] aiosqlite - core.py:67 - operation functools.partial(<built-in method close of sqlite3.Cursor object at 0x0000021FD9897BC0>) completed
2026-07-30 10:51:52,993 [DEBUG] aiosqlite - core.py:62 - executing functools.partial(<built-in method cursor of sqlite3.Connection object at 0x0000021FD98156C0>)
2026-07-30 10:51:52,993 [DEBUG] aiosqlite - core.py:67 - operation functools.partial(<built-in method cursor of sqlite3.Connection object at 0x0000021FD98156C0>) completed
2026-07-30 10:51:52,993 [DEBUG] aiosqlite - core.py:62 - executing functools.partial(<built-in method execute of sqlite3.Cursor object at 0x0000021FD9897740>, '\nCREATE TABLE workspace_members (\n\tid UUID NOT NULL, \n\tworkspace_id UUID NOT NULL, \n\tuser_id UUID NOT NULL, \n\trole VARCHAR(50) NOT NULL, \n\tcreated_at DATETIME NOT NULL, \n\tupdated_at DATETIME NOT NULL, \n\tPRIMARY KEY (id), \n\tFOREIGN KEY(workspace_id) REFERENCES workspaces (id) ON DELETE CASCADE, \n\tFOREIGN KEY(user_id) REFERENCES users (id) ON DELETE CASCADE\n)\n\n', ())
2026-07-30 10:51:52,993 [DEBUG] aiosqlite - core.py:67 - operation functools.partial(<built-in method execute of sqlite3.Cursor object at 0x0000021FD9897740>, '\nCREATE TABLE workspace_members (\n\tid UUID NOT NULL, \n\tworkspace_id UUID NOT NULL, \n\tuser_id UUID NOT NULL, \n\trole VARCHAR(50) NOT NULL, \n\tcreated_at DATETIME NOT NULL, \n\tupdated_at DATETIME NOT NULL, \n\tPRIMARY KEY (id), \n\tFOREIGN KEY(workspace_id) REFERENCES workspaces (id) ON DELETE CASCADE, \n\tFOREIGN KEY(user_id) REFERENCES users (id) ON DELETE CASCADE\n)\n\n', ()) completed
2026-07-30 10:51:52,993 [DEBUG] aiosqlite - core.py:62 - executing functools.partial(<built-in method close of sqlite3.Cursor object at 0x0000021FD9897740>)
2026-07-30 10:51:52,994 [DEBUG] aiosqlite - core.py:67 - operation functools.partial(<built-in method close of sqlite3.Cursor object at 0x0000021FD9897740>) completed
2026-07-30 10:51:52,994 [DEBUG] aiosqlite - core.py:62 - executing functools.partial(<built-in method cursor of sqlite3.Connection object at 0x0000021FD98156C0>)
2026-07-30 10:51:52,994 [DEBUG] aiosqlite - core.py:67 - operation functools.partial(<built-in method cursor of sqlite3.Connection object at 0x0000021FD98156C0>) completed
2026-07-30 10:51:52,994 [DEBUG] aiosqlite - core.py:62 - executing functools.partial(<built-in method execute of sqlite3.Cursor object at 0x0000021FD98BC7C0>, 'CREATE INDEX ix_workspace_members_workspace_id ON workspace_members (workspace_id)', ())
2026-07-30 10:51:52,994 [DEBUG] aiosqlite - core.py:67 - operation functools.partial(<built-in method execute of sqlite3.Cursor object at 0x0000021FD98BC7C0>, 'CREATE INDEX ix_workspace_members_workspace_id ON workspace_members (workspace_id)', ()) completed
2026-07-30 10:51:52,995 [DEBUG] aiosqlite - core.py:62 - executing functools.partial(<built-in method close of sqlite3.Cursor object at 0x0000021FD98BC7C0>)
2026-07-30 10:51:52,995 [DEBUG] aiosqlite - core.py:67 - operation functools.partial(<built-in method close of sqlite3.Cursor object at 0x0000021FD98BC7C0>) completed
2026-07-30 10:51:52,995 [DEBUG] aiosqlite - core.py:62 - executing functools.partial(<built-in method cursor of sqlite3.Connection object at 0x0000021FD98156C0>)
2026-07-30 10:51:52,995 [DEBUG] aiosqlite - core.py:67 - operation functools.partial(<built-in method cursor of sqlite3.Connection object at 0x0000021FD98156C0>) completed
2026-07-30 10:51:52,995 [DEBUG] aiosqlite - core.py:62 - executing functools.partial(<built-in method execute of sqlite3.Cursor object at 0x0000021FD9897340>, 'CREATE INDEX ix_workspace_members_user_id ON workspace_members (user_id)', ())
2026-07-30 10:51:52,996 [DEBUG] aiosqlite - core.py:67 - operation functools.partial(<built-in method execute of sqlite3.Cursor object at 0x0000021FD9897340>, 'CREATE INDEX ix_workspace_members_user_id ON workspace_members (user_id)', ()) completed
2026-07-30 10:51:52,996 [DEBUG] aiosqlite - core.py:62 - executing functools.partial(<built-in method close of sqlite3.Cursor object at 0x0000021FD9897340>)
2026-07-30 10:51:52,996 [DEBUG] aiosqlite - core.py:67 - operation functools.partial(<built-in method close of sqlite3.Cursor object at 0x0000021FD9897340>) completed
2026-07-30 10:51:52,996 [DEBUG] aiosqlite - core.py:62 - executing functools.partial(<built-in method cursor of sqlite3.Connection object at 0x0000021FD98156C0>)
2026-07-30 10:51:52,997 [DEBUG] aiosqlite - core.py:67 - operation functools.partial(<built-in method cursor of sqlite3.Connection object at 0x0000021FD98156C0>) completed
2026-07-30 10:51:52,997 [DEBUG] aiosqlite - core.py:62 - executing functools.partial(<built-in method execute of sqlite3.Cursor object at 0x0000021FD9895FC0>, '\nCREATE TABLE project_members (\n\tid UUID NOT NULL, \n\tproject_id UUID NOT NULL, \n\tuser_id UUID NOT NULL, \n\trole VARCHAR(9) NOT NULL, \n\tinvited_by UUID, \n\tcreated_at DATETIME NOT NULL, \n\tupdated_at DATETIME NOT NULL, \n\tPRIMARY KEY (id), \n\tCONSTRAINT uq_project_member UNIQUE (project_id, user_id), \n\tFOREIGN KEY(project_id) REFERENCES projects (id) ON DELETE CASCADE, \n\tFOREIGN KEY(user_id) REFERENCES users (id) ON DELETE CASCADE, \n\tFOREIGN KEY(invited_by) REFERENCES users (id) ON DELETE SET NULL\n)\n\n', ())
2026-07-30 10:51:52,997 [DEBUG] aiosqlite - core.py:67 - operation functools.partial(<built-in method execute of sqlite3.Cursor object at 0x0000021FD9895FC0>, '\nCREATE TABLE project_members (\n\tid UUID NOT NULL, \n\tproject_id UUID NOT NULL, \n\tuser_id UUID NOT NULL, \n\trole VARCHAR(9) NOT NULL, \n\tinvited_by UUID, \n\tcreated_at DATETIME NOT NULL, \n\tupdated_at DATETIME NOT NULL, \n\tPRIMARY KEY (id), \n\tCONSTRAINT uq_project_member UNIQUE (project_id, user_id), \n\tFOREIGN KEY(project_id) REFERENCES projects (id) ON DELETE CASCADE, \n\tFOREIGN KEY(user_id) REFERENCES users (id) ON DELETE CASCADE, \n\tFOREIGN KEY(invited_by) REFERENCES users (id) ON DELETE SET NULL\n)\n\n', ()) completed
2026-07-30 10:51:52,997 [DEBUG] aiosqlite - core.py:62 - executing functools.partial(<built-in method close of sqlite3.Cursor object at 0x0000021FD9895FC0>)
2026-07-30 10:51:52,998 [DEBUG] aiosqlite - core.py:67 - operation functools.partial(<built-in method close of sqlite3.Cursor object at 0x0000021FD9895FC0>) completed
2026-07-30 10:51:52,998 [DEBUG] aiosqlite - core.py:62 - executing functools.partial(<built-in method cursor of sqlite3.Connection object at 0x0000021FD98156C0>)
2026-07-30 10:51:52,998 [DEBUG] aiosqlite - core.py:67 - operation functools.partial(<built-in method cursor of sqlite3.Connection object at 0x0000021FD98156C0>) completed
2026-07-30 10:51:52,998 [DEBUG] aiosqlite - core.py:62 - executing functools.partial(<built-in method execute of sqlite3.Cursor object at 0x0000021FD98BD0C0>, 'CREATE INDEX ix_project_members_user_id ON project_members (user_id)', ())
2026-07-30 10:51:52,998 [DEBUG] aiosqlite - core.py:67 - operation functools.partial(<built-in method execute of sqlite3.Cursor object at 0x0000021FD98BD0C0>, 'CREATE INDEX ix_project_members_user_id ON project_members (user_id)', ()) completed
2026-07-30 10:51:52,999 [DEBUG] aiosqlite - core.py:62 - executing functools.partial(<built-in method close of sqlite3.Cursor object at 0x0000021FD98BD0C0>)
2026-07-30 10:51:52,999 [DEBUG] aiosqlite - core.py:67 - operation functools.partial(<built-in method close of sqlite3.Cursor object at 0x0000021FD98BD0C0>) completed
2026-07-30 10:51:52,999 [DEBUG] aiosqlite - core.py:62 - executing functools.partial(<built-in method cursor of sqlite3.Connection object at 0x0000021FD98156C0>)
2026-07-30 10:51:52,999 [DEBUG] aiosqlite - core.py:67 - operation functools.partial(<built-in method cursor of sqlite3.Connection object at 0x0000021FD98156C0>) completed
2026-07-30 10:51:52,999 [DEBUG] aiosqlite - core.py:62 - executing functools.partial(<built-in method execute of sqlite3.Cursor object at 0x0000021FD98BDCC0>, 'CREATE INDEX ix_project_members_project_id ON project_members (project_id)', ())
2026-07-30 10:51:53,000 [DEBUG] aiosqlite - core.py:67 - operation functools.partial(<built-in method execute of sqlite3.Cursor object at 0x0000021FD98BDCC0>, 'CREATE INDEX ix_project_members_project_id ON project_members (project_id)', ()) completed
2026-07-30 10:51:53,000 [DEBUG] aiosqlite - core.py:62 - executing functools.partial(<built-in method close of sqlite3.Cursor object at 0x0000021FD98BDCC0>)
2026-07-30 10:51:53,000 [DEBUG] aiosqlite - core.py:67 - operation functools.partial(<built-in method close of sqlite3.Cursor object at 0x0000021FD98BDCC0>) completed
2026-07-30 10:51:53,001 [DEBUG] aiosqlite - core.py:62 - executing functools.partial(<built-in method cursor of sqlite3.Connection object at 0x0000021FD98156C0>)
2026-07-30 10:51:53,001 [DEBUG] aiosqlite - core.py:67 - operation functools.partial(<built-in method cursor of sqlite3.Connection object at 0x0000021FD98156C0>) completed
2026-07-30 10:51:53,001 [DEBUG] aiosqlite - core.py:62 - executing functools.partial(<built-in method execute of sqlite3.Cursor object at 0x0000021FD9897140>, '\nCREATE TABLE tasks (\n\tid UUID NOT NULL, \n\ttitle VARCHAR(255) NOT NULL, \n\tdescription TEXT, \n\tstatus VARCHAR(11) NOT NULL, \n\tpriority VARCHAR(8) NOT NULL, \n\tdue_date DATETIME, \n\tproject_id UUID NOT NULL, \n\tassignee_id UUID, \n\tcreated_at DATETIME NOT NULL, \n\tupdated_at DATETIME NOT NULL, \n\tPRIMARY KEY (id), \n\tFOREIGN KEY(project_id) REFERENCES projects (id) ON DELETE CASCADE, \n\tFOREIGN KEY(assignee_id) REFERENCES users (id) ON DELETE SET NULL\n)\n\n', ())
2026-07-30 10:51:53,001 [DEBUG] aiosqlite - core.py:67 - operation functools.partial(<built-in method execute of sqlite3.Cursor object at 0x0000021FD9897140>, '\nCREATE TABLE tasks (\n\tid UUID NOT NULL, \n\ttitle VARCHAR(255) NOT NULL, \n\tdescription TEXT, \n\tstatus VARCHAR(11) NOT NULL, \n\tpriority VARCHAR(8) NOT NULL, \n\tdue_date DATETIME, \n\tproject_id UUID NOT NULL, \n\tassignee_id UUID, \n\tcreated_at DATETIME NOT NULL, \n\tupdated_at DATETIME NOT NULL, \n\tPRIMARY KEY (id), \n\tFOREIGN KEY(project_id) REFERENCES projects (id) ON DELETE CASCADE, \n\tFOREIGN KEY(assignee_id) REFERENCES users (id) ON DELETE SET NULL\n)\n\n', ()) completed
2026-07-30 10:51:53,002 [DEBUG] aiosqlite - core.py:62 - executing functools.partial(<built-in method close of sqlite3.Cursor object at 0x0000021FD9897140>)
2026-07-30 10:51:53,002 [DEBUG] aiosqlite - core.py:67 - operation functools.partial(<built-in method close of sqlite3.Cursor object at 0x0000021FD9897140>) completed
2026-07-30 10:51:53,002 [DEBUG] aiosqlite - core.py:62 - executing functools.partial(<built-in method cursor of sqlite3.Connection object at 0x0000021FD98156C0>)
2026-07-30 10:51:53,002 [DEBUG] aiosqlite - core.py:67 - operation functools.partial(<built-in method cursor of sqlite3.Connection object at 0x0000021FD98156C0>) completed
2026-07-30 10:51:53,002 [DEBUG] aiosqlite - core.py:62 - executing functools.partial(<built-in method execute of sqlite3.Cursor object at 0x0000021FD98BE640>, 'CREATE INDEX ix_tasks_project_id ON tasks (project_id)', ())
2026-07-30 10:51:53,003 [DEBUG] aiosqlite - core.py:67 - operation functools.partial(<built-in method execute of sqlite3.Cursor object at 0x0000021FD98BE640>, 'CREATE INDEX ix_tasks_project_id ON tasks (project_id)', ()) completed
2026-07-30 10:51:53,003 [DEBUG] aiosqlite - core.py:62 - executing functools.partial(<built-in method close of sqlite3.Cursor object at 0x0000021FD98BE640>)
2026-07-30 10:51:53,003 [DEBUG] aiosqlite - core.py:67 - operation functools.partial(<built-in method close of sqlite3.Cursor object at 0x0000021FD98BE640>) completed
2026-07-30 10:51:53,003 [DEBUG] aiosqlite - core.py:62 - executing functools.partial(<built-in method cursor of sqlite3.Connection object at 0x0000021FD98156C0>)
2026-07-30 10:51:53,003 [DEBUG] aiosqlite - core.py:67 - operation functools.partial(<built-in method cursor of sqlite3.Connection object at 0x0000021FD98156C0>) completed
2026-07-30 10:51:53,004 [DEBUG] aiosqlite - core.py:62 - executing functools.partial(<built-in method execute of sqlite3.Cursor object at 0x0000021FD98BD7C0>, 'CREATE INDEX ix_tasks_assignee_id ON tasks (assignee_id)', ())
2026-07-30 10:51:53,004 [DEBUG] aiosqlite - core.py:67 - operation functools.partial(<built-in method execute of sqlite3.Cursor object at 0x0000021FD98BD7C0>, 'CREATE INDEX ix_tasks_assignee_id ON tasks (assignee_id)', ()) completed
2026-07-30 10:51:53,005 [DEBUG] aiosqlite - core.py:62 - executing functools.partial(<built-in method close of sqlite3.Cursor object at 0x0000021FD98BD7C0>)
2026-07-30 10:51:53,005 [DEBUG] aiosqlite - core.py:67 - operation functools.partial(<built-in method close of sqlite3.Cursor object at 0x0000021FD98BD7C0>) completed
2026-07-30 10:51:53,006 [DEBUG] aiosqlite - core.py:62 - executing functools.partial(<built-in method cursor of sqlite3.Connection object at 0x0000021FD98156C0>)
2026-07-30 10:51:53,006 [DEBUG] aiosqlite - core.py:67 - operation functools.partial(<built-in method cursor of sqlite3.Connection object at 0x0000021FD98156C0>) completed
[...]
DEBUG    aiosqlite:core.py:62 executing functools.partial(<built-in method cursor of sqlite3.Connection object at 0x0000021FD98156C0>)
DEBUG    aiosqlite:core.py:67 operation functools.partial(<built-in method cursor of sqlite3.Connection object at 0x0000021FD98156C0>) completed
DEBUG    aiosqlite:core.py:62 executing functools.partial(<built-in method execute of sqlite3.Cursor object at 0x0000021FD9C531C0>, 'PRAGMA main.table_info("projects")', ())
DEBUG    aiosqlite:core.py:67 operation functools.partial(<built-in method execute of sqlite3.Cursor object at 0x0000021FD9C531C0>, 'PRAGMA main.table_info("projects")', ()) completed
DEBUG    aiosqlite:core.py:62 executing functools.partial(<built-in method fetchall of sqlite3.Cursor object at 0x0000021FD9C531C0>)
DEBUG    aiosqlite:core.py:67 operation functools.partial(<built-in method fetchall of sqlite3.Cursor object at 0x0000021FD9C531C0>) completed
DEBUG    aiosqlite:core.py:62 executing functools.partial(<built-in method close of sqlite3.Cursor object at 0x0000021FD9C531C0>)
DEBUG    aiosqlite:core.py:67 operation functools.partial(<built-in method close of sqlite3.Cursor object at 0x0000021FD9C531C0>) completed
DEBUG    aiosqlite:core.py:62 executing functools.partial(<built-in method cursor of sqlite3.Connection object at 0x0000021FD98156C0>)
DEBUG    aiosqlite:core.py:67 operation functools.partial(<built-in method cursor of sqlite3.Connection object at 0x0000021FD98156C0>) completed
DEBUG    aiosqlite:core.py:62 executing functools.partial(<built-in method execute of sqlite3.Cursor object at 0x0000021FD9C50D40>, 'PRAGMA main.table_info("project_members")', ())
DEBUG    aiosqlite:core.py:67 operation functools.partial(<built-in method execute of sqlite3.Cursor object at 0x0000021FD9C50D40>, 'PRAGMA main.table_info("project_members")', ()) completed
DEBUG    aiosqlite:core.py:62 executing functools.partial(<built-in method fetchall of sqlite3.Cursor object at 0x0000021FD9C50D40>)
DEBUG    aiosqlite:core.py:67 operation functools.partial(<built-in method fetchall of sqlite3.Cursor object at 0x0000021FD9C50D40>) completed
DEBUG    aiosqlite:core.py:62 executing functools.partial(<built-in method close of sqlite3.Cursor object at 0x0000021FD9C50D40>)
DEBUG    aiosqlite:core.py:67 operation functools.partial(<built-in method close of sqlite3.Cursor object at 0x0000021FD9C50D40>) completed
DEBUG    aiosqlite:core.py:62 executing functools.partial(<built-in method cursor of sqlite3.Connection object at 0x0000021FD98156C0>)
DEBUG    aiosqlite:core.py:67 operation functools.partial(<built-in method cursor of sqlite3.Connection object at 0x0000021FD98156C0>) completed
DEBUG    aiosqlite:core.py:62 executing functools.partial(<built-in method execute of sqlite3.Cursor object at 0x0000021FD9D19340>, 'PRAGMA main.table_info("refresh_tokens")', ())
DEBUG    aiosqlite:core.py:67 operation functools.partial(<built-in method execute of sqlite3.Cursor object at 0x0000021FD9D19340>, 'PRAGMA main.table_info("refresh_tokens")', ()) completed
DEBUG    aiosqlite:core.py:62 executing functools.partial(<built-in method fetchall of sqlite3.Cursor object at 0x0000021FD9D19340>)
DEBUG    aiosqlite:core.py:67 operation functools.partial(<built-in method fetchall of sqlite3.Cursor object at 0x0000021FD9D19340>) completed
DEBUG    aiosqlite:core.py:62 executing functools.partial(<built-in method close of sqlite3.Cursor object at 0x0000021FD9D19340>)
DEBUG    aiosqlite:core.py:67 operation functools.partial(<built-in method close of sqlite3.Cursor object at 0x0000021FD9D19340>) completed
DEBUG    aiosqlite:core.py:62 executing functools.partial(<built-in method cursor of sqlite3.Connection object at 0x0000021FD98156C0>)
DEBUG    aiosqlite:core.py:67 operation functools.partial(<built-in method cursor of sqlite3.Connection object at 0x0000021FD98156C0>) completed
DEBUG    aiosqlite:core.py:62 executing functools.partial(<built-in method execute of sqlite3.Cursor object at 0x0000021FD9D180C0>, 'PRAGMA main.table_info("tasks")', ())
DEBUG    aiosqlite:core.py:67 operation functools.partial(<built-in method execute of sqlite3.Cursor object at 0x0000021FD9D180C0>, 'PRAGMA main.table_info("tasks")', ()) completed
DEBUG    aiosqlite:core.py:62 executing functools.partial(<built-in method fetchall of sqlite3.Cursor object at 0x0000021FD9D180C0>)
DEBUG    aiosqlite:core.py:67 operation functools.partial(<built-in method fetchall of sqlite3.Cursor object at 0x0000021FD9D180C0>) completed
DEBUG    aiosqlite:core.py:62 executing functools.partial(<built-in method close of sqlite3.Cursor object at 0x0000021FD9D180C0>)
DEBUG    aiosqlite:core.py:67 operation functools.partial(<built-in method close of sqlite3.Cursor object at 0x0000021FD9D180C0>) completed
DEBUG    aiosqlite:core.py:62 executing functools.partial(<built-in method cursor of sqlite3.Connection object at 0x0000021FD98156C0>)
DEBUG    aiosqlite:core.py:67 operation functools.partial(<built-in method cursor of sqlite3.Connection object at 0x0000021FD98156C0>) completed
DEBUG    aiosqlite:core.py:62 executing functools.partial(<built-in method execute of sqlite3.Cursor object at 0x0000021FD9D18740>, 'PRAGMA main.table_info("users")', ())
DEBUG    aiosqlite:core.py:67 operation functools.partial(<built-in method execute of sqlite3.Cursor object at 0x0000021FD9D18740>, 'PRAGMA main.table_info("users")', ()) completed
DEBUG    aiosqlite:core.py:62 executing functools.partial(<built-in method fetchall of sqlite3.Cursor object at 0x0000021FD9D18740>)
DEBUG    aiosqlite:core.py:67 operation functools.partial(<built-in method fetchall of sqlite3.Cursor object at 0x0000021FD9D18740>) completed
DEBUG    aiosqlite:core.py:62 executing functools.partial(<built-in method close of sqlite3.Cursor object at 0x0000021FD9D18740>)
DEBUG    aiosqlite:core.py:67 operation functools.partial(<built-in method close of sqlite3.Cursor object at 0x0000021FD9D18740>) completed
DEBUG    aiosqlite:core.py:62 executing functools.partial(<built-in method cursor of sqlite3.Connection object at 0x0000021FD98156C0>)
DEBUG    aiosqlite:core.py:67 operation functools.partial(<built-in method cursor of sqlite3.Connection object at 0x0000021FD98156C0>) completed
DEBUG    aiosqlite:core.py:62 executing functools.partial(<built-in method execute of sqlite3.Cursor object at 0x0000021FD9D18BC0>, 'PRAGMA main.table_info("workspaces")', ())
DEBUG    aiosqlite:core.py:67 operation functools.partial(<built-in method execute of sqlite3.Cursor object at 0x0000021FD9D18BC0>, 'PRAGMA main.table_info("workspaces")', ()) completed
DEBUG    aiosqlite:core.py:62 executing functools.partial(<built-in method fetchall of sqlite3.Cursor object at 0x0000021FD9D18BC0>)
DEBUG    aiosqlite:core.py:67 operation functools.partial(<built-in method fetchall of sqlite3.Cursor object at 0x0000021FD9D18BC0>) completed
DEBUG    aiosqlite:core.py:62 executing functools.partial(<built-in method close of sqlite3.Cursor object at 0x0000021FD9D18BC0>)
DEBUG    aiosqlite:core.py:67 operation functools.partial(<built-in method close of sqlite3.Cursor object at 0x0000021FD9D18BC0>) completed
DEBUG    aiosqlite:core.py:62 executing functools.partial(<built-in method cursor of sqlite3.Connection object at 0x0000021FD98156C0>)
DEBUG    aiosqlite:core.py:67 operation functools.partial(<built-in method cursor of sqlite3.Connection object at 0x0000021FD98156C0>) completed
DEBUG    aiosqlite:core.py:62 executing functools.partial(<built-in method execute of sqlite3.Cursor object at 0x0000021FD9D189C0>, 'PRAGMA main.table_info("workspace_members")', ())
DEBUG    aiosqlite:core.py:67 operation functools.partial(<built-in method execute of sqlite3.Cursor object at 0x0000021FD9D189C0>, 'PRAGMA main.table_info("workspace_members")', ()) completed
DEBUG    aiosqlite:core.py:62 executing functools.partial(<built-in method fetchall of sqlite3.Cursor object at 0x0000021FD9D189C0>)
DEBUG    aiosqlite:core.py:67 operation functools.partial(<built-in method fetchall of sqlite3.Cursor object at 0x0000021FD9D189C0>) completed
DEBUG    aiosqlite:core.py:62 executing functools.partial(<built-in method close of sqlite3.Cursor object at 0x0000021FD9D189C0>)
DEBUG    aiosqlite:core.py:67 operation functools.partial(<built-in method close of sqlite3.Cursor object at 0x0000021FD9D189C0>) completed
DEBUG    aiosqlite:core.py:62 executing functools.partial(<built-in method cursor of sqlite3.Connection object at 0x0000021FD98156C0>)
DEBUG    aiosqlite:core.py:67 operation functools.partial(<built-in method cursor of sqlite3.Connection object at 0x0000021FD98156C0>) completed
DEBUG    aiosqlite:core.py:62 executing functools.partial(<built-in method execute of sqlite3.Cursor object at 0x0000021FD9BEF2C0>, '\nDROP TABLE comments', ())
DEBUG    aiosqlite:core.py:67 operation functools.partial(<built-in method execute of sqlite3.Cursor object at 0x0000021FD9BEF2C0>, '\nDROP TABLE comments', ()) completed
DEBUG    aiosqlite:core.py:62 executing functools.partial(<built-in method close of sqlite3.Cursor object at 0x0000021FD9BEF2C0>)
DEBUG    aiosqlite:core.py:67 operation functools.partial(<built-in method close of sqlite3.Cursor object at 0x0000021FD9BEF2C0>) completed
DEBUG    aiosqlite:core.py:62 executing functools.partial(<built-in method cursor of sqlite3.Connection object at 0x0000021FD98156C0>)
DEBUG    aiosqlite:core.py:67 operation functools.partial(<built-in method cursor of sqlite3.Connection object at 0x0000021FD98156C0>) completed
DEBUG    aiosqlite:core.py:62 executing functools.partial(<built-in method execute of sqlite3.Cursor object at 0x0000021FD9CBC7C0>, '\nDROP TABLE attachments', ())
DEBUG    aiosqlite:core.py:67 operation functools.partial(<built-in method execute of sqlite3.Cursor object at 0x0000021FD9CBC7C0>, '\nDROP TABLE attachments', ()) completed
DEBUG    aiosqlite:core.py:62 executing functools.partial(<built-in method close of sqlite3.Cursor object at 0x0000021FD9CBC7C0>)
DEBUG    aiosqlite:core.py:67 operation functools.partial(<built-in method close of sqlite3.Cursor object at 0x0000021FD9CBC7C0>) completed
DEBUG    aiosqlite:core.py:62 executing functools.partial(<built-in method cursor of sqlite3.Connection object at 0x0000021FD98156C0>)
DEBUG    aiosqlite:core.py:67 operation functools.partial(<built-in method cursor of sqlite3.Connection object at 0x0000021FD98156C0>) completed
DEBUG    aiosqlite:core.py:62 executing functools.partial(<built-in method execute of sqlite3.Cursor object at 0x0000021FD9CBFAC0>, '\nDROP TABLE tasks', ())
DEBUG    aiosqlite:core.py:67 operation functools.partial(<built-in method execute of sqlite3.Cursor object at 0x0000021FD9CBFAC0>, '\nDROP TABLE tasks', ()) completed
DEBUG    aiosqlite:core.py:62 executing functools.partial(<built-in method close of sqlite3.Cursor object at 0x0000021FD9CBFAC0>)
DEBUG    aiosqlite:core.py:67 operation functools.partial(<built-in method close of sqlite3.Cursor object at 0x0000021FD9CBFAC0>) completed
DEBUG    aiosqlite:core.py:62 executing functools.partial(<built-in method cursor of sqlite3.Connection object at 0x0000021FD98156C0>)
DEBUG    aiosqlite:core.py:67 operation functools.partial(<built-in method cursor of sqlite3.Connection object at 0x0000021FD98156C0>) completed
DEBUG    aiosqlite:core.py:62 executing functools.partial(<built-in method execute of sqlite3.Cursor object at 0x0000021FD9BA7640>, '\nDROP TABLE project_members', ())
DEBUG    aiosqlite:core.py:67 operation functools.partial(<built-in method execute of sqlite3.Cursor object at 0x0000021FD9BA7640>, '\nDROP TABLE project_members', ()) completed
DEBUG    aiosqlite:core.py:62 executing functools.partial(<built-in method close of sqlite3.Cursor object at 0x0000021FD9BA7640>)
DEBUG    aiosqlite:core.py:67 operation functools.partial(<built-in method close of sqlite3.Cursor object at 0x0000021FD9BA7640>) completed
DEBUG    aiosqlite:core.py:62 executing functools.partial(<built-in method cursor of sqlite3.Connection object at 0x0000021FD98156C0>)
DEBUG    aiosqlite:core.py:67 operation functools.partial(<built-in method cursor of sqlite3.Connection object at 0x0000021FD98156C0>) completed
DEBUG    aiosqlite:core.py:62 executing functools.partial(<built-in method execute of sqlite3.Cursor object at 0x0000021FD9BA74C0>, '\nDROP TABLE workspace_members', ())
DEBUG    aiosqlite:core.py:67 operation functools.partial(<built-in method execute of sqlite3.Cursor object at 0x0000021FD9BA74C0>, '\nDROP TABLE workspace_members', ()) completed
DEBUG    aiosqlite:core.py:62 executing functools.partial(<built-in method close of sqlite3.Cursor object at 0x0000021FD9BA74C0>)
DEBUG    aiosqlite:core.py:67 operation functools.partial(<built-in method close of sqlite3.Cursor object at 0x0000021FD9BA74C0>) completed
DEBUG    aiosqlite:core.py:62 executing functools.partial(<built-in method cursor of sqlite3.Connection object at 0x0000021FD98156C0>)
DEBUG    aiosqlite:core.py:67 operation functools.partial(<built-in method cursor of sqlite3.Connection object at 0x0000021FD98156C0>) completed
DEBUG    aiosqlite:core.py:62 executing functools.partial(<built-in method execute of sqlite3.Cursor object at 0x0000021FD9E53EC0>, '\nDROP TABLE projects', ())
DEBUG    aiosqlite:core.py:67 operation functools.partial(<built-in method execute of sqlite3.Cursor object at 0x0000021FD9E53EC0>, '\nDROP TABLE projects', ()) completed
DEBUG    aiosqlite:core.py:62 executing functools.partial(<built-in method close of sqlite3.Cursor object at 0x0000021FD9E53EC0>)
DEBUG    aiosqlite:core.py:67 operation functools.partial(<built-in method close of sqlite3.Cursor object at 0x0000021FD9E53EC0>) completed
DEBUG    aiosqlite:core.py:62 executing functools.partial(<built-in method cursor of sqlite3.Connection object at 0x0000021FD98156C0>)
DEBUG    aiosqlite:core.py:67 operation functools.partial(<built-in method cursor of sqlite3.Connection object at 0x0000021FD98156C0>) completed
DEBUG    aiosqlite:core.py:62 executing functools.partial(<built-in method execute of sqlite3.Cursor object at 0x0000021FD9BA50C0>, '\nDROP TABLE workspaces', ())
DEBUG    aiosqlite:core.py:67 operation functools.partial(<built-in method execute of sqlite3.Cursor object at 0x0000021FD9BA50C0>, '\nDROP TABLE workspaces', ()) completed
DEBUG    aiosqlite:core.py:62 executing functools.partial(<built-in method close of sqlite3.Cursor object at 0x0000021FD9BA50C0>)
DEBUG    aiosqlite:core.py:67 operation functools.partial(<built-in method close of sqlite3.Cursor object at 0x0000021FD9BA50C0>) completed
DEBUG    aiosqlite:core.py:62 executing functools.partial(<built-in method cursor of sqlite3.Connection object at 0x0000021FD98156C0>)
DEBUG    aiosqlite:core.py:67 operation functools.partial(<built-in method cursor of sqlite3.Connection object at 0x0000021FD98156C0>) completed
DEBUG    aiosqlite:core.py:62 executing functools.partial(<built-in method execute of sqlite3.Cursor object at 0x0000021FD98303C0>, '\nDROP TABLE refresh_tokens', ())
DEBUG    aiosqlite:core.py:67 operation functools.partial(<built-in method execute of sqlite3.Cursor object at 0x0000021FD98303C0>, '\nDROP TABLE refresh_tokens', ()) completed
DEBUG    aiosqlite:core.py:62 executing functools.partial(<built-in method close of sqlite3.Cursor object at 0x0000021FD98303C0>)
DEBUG    aiosqlite:core.py:67 operation functools.partial(<built-in method close of sqlite3.Cursor object at 0x0000021FD98303C0>) completed
DEBUG    aiosqlite:core.py:62 executing functools.partial(<built-in method cursor of sqlite3.Connection object at 0x0000021FD98156C0>)
DEBUG    aiosqlite:core.py:67 operation functools.partial(<built-in method cursor of sqlite3.Connection object at 0x0000021FD98156C0>) completed
DEBUG    aiosqlite:core.py:62 executing functools.partial(<built-in method execute of sqlite3.Cursor object at 0x0000021FD9BA7C40>, '\nDROP TABLE notifications', ())
DEBUG    aiosqlite:core.py:67 operation functools.partial(<built-in method execute of sqlite3.Cursor object at 0x0000021FD9BA7C40>, '\nDROP TABLE notifications', ()) completed
DEBUG    aiosqlite:core.py:62 executing functools.partial(<built-in method close of sqlite3.Cursor object at 0x0000021FD9BA7C40>)
DEBUG    aiosqlite:core.py:67 operation functools.partial(<built-in method close of sqlite3.Cursor object at 0x0000021FD9BA7C40>) completed
DEBUG    aiosqlite:core.py:62 executing functools.partial(<built-in method cursor of sqlite3.Connection object at 0x0000021FD98156C0>)
DEBUG    aiosqlite:core.py:67 operation functools.partial(<built-in method cursor of sqlite3.Connection object at 0x0000021FD98156C0>) completed
DEBUG    aiosqlite:core.py:62 executing functools.partial(<built-in method execute of sqlite3.Cursor object at 0x0000021FD9BA7E40>, '\nDROP TABLE audit_logs', ())
DEBUG    aiosqlite:core.py:67 operation functools.partial(<built-in method execute of sqlite3.Cursor object at 0x0000021FD9BA7E40>, '\nDROP TABLE audit_logs', ()) completed
DEBUG    aiosqlite:core.py:62 executing functools.partial(<built-in method close of sqlite3.Cursor object at 0x0000021FD9BA7E40>)
DEBUG    aiosqlite:core.py:67 operation functools.partial(<built-in method close of sqlite3.Cursor object at 0x0000021FD9BA7E40>) completed
DEBUG    aiosqlite:core.py:62 executing functools.partial(<built-in method cursor of sqlite3.Connection object at 0x0000021FD98156C0>)
DEBUG    aiosqlite:core.py:67 operation functools.partial(<built-in method cursor of sqlite3.Connection object at 0x0000021FD98156C0>) completed
DEBUG    aiosqlite:core.py:62 executing functools.partial(<built-in method execute of sqlite3.Cursor object at 0x0000021FD9BA7D40>, '\nDROP TABLE users', ())
DEBUG    aiosqlite:core.py:67 operation functools.partial(<built-in method execute of sqlite3.Cursor object at 0x0000021FD9BA7D40>, '\nDROP TABLE users', ()) completed
DEBUG    aiosqlite:core.py:62 executing functools.partial(<built-in method close of sqlite3.Cursor object at 0x0000021FD9BA7D40>)
DEBUG    aiosqlite:core.py:67 operation functools.partial(<built-in method close of sqlite3.Cursor object at 0x0000021FD9BA7D40>) completed
DEBUG    aiosqlite:core.py:62 executing functools.partial(<built-in method commit of sqlite3.Connection object at 0x0000021FD98156C0>)
DEBUG    aiosqlite:core.py:67 operation functools.partial(<built-in method commit of sqlite3.Connection object at 0x0000021FD98156C0>) completed
DEBUG    aiosqlite:core.py:62 executing functools.partial(<built-in method rollback of sqlite3.Connection object at 0x0000021FD98156C0>)
DEBUG    aiosqlite:core.py:67 operation functools.partial(<built-in method rollback of sqlite3.Connection object at 0x0000021FD98156C0>) completed
DEBUG    aiosqlite:core.py:62 executing functools.partial(<built-in method close of sqlite3.Connection object at 0x0000021FD98156C0>)
DEBUG    aiosqlite:core.py:67 operation functools.partial(<built-in method close of sqlite3.Connection object at 0x0000021FD98156C0>) completed
DEBUG    aiosqlite:core.py:62 executing <function Connection.stop.<locals>.close_and_stop at 0x0000021FD98237E0>
DEBUG    aiosqlite:core.py:67 operation <function Connection.stop.<locals>.close_and_stop at 0x0000021FD98237E0> completed
============================== warnings summary ===============================
tests/test_rbac.py::test_rbac_rules
  C:\saas project\apps\backend\.venv\Lib\site-packages\starlette\_exception_handler.py:59: StarletteDeprecationWarning: 'HTTP_422_UNPROCESSABLE_ENTITY' is deprecated. Use 'HTTP_422_UNPROCESSABLE_CONTENT' instead.
    response = await handler(conn, exc)  # type: ignore[arg-type]

-- Docs: https://docs.pytest.org/en/stable/how-to/capture-warnings.html
=========================== short test summary info ===========================
FAILED tests/test_rbac.py::test_rbac_rules - NameError: name 'project' is not...
======================== 1 failed, 1 warning in 3.06s =========================
